This is pdfTeX, Version 3.14159265-2.6-1.40.19 (TeX Live 2018/W32TeX) (preloaded format=pdflatex 2018.6.15)  27 SEP 2018 00:28
entering extended mode
 restricted \write18 enabled.
 %&-line parsing enabled.
**book_main.tex
(./book_main.tex
LaTeX2e <2018-04-01> patch level 2
Babel <3.18> and hyphenation patterns for 84 language(s) loaded.
(c:/texlive/2018/texmf-dist/tex/latex/base/book.cls
Document Class: book 2014/09/29 v1.4h Standard LaTeX document class
(c:/texlive/2018/texmf-dist/tex/latex/base/fleqn.clo
File: fleqn.clo 2016/12/29 v1.2a Standard LaTeX option (flush left equations)
\mathindent=\dimen102
Applying: [2015/01/01] Make \[ robust on input line 50.
LaTeX Info: Redefining \[ on input line 51.
Already applied: [0000/00/00] Make \[ robust on input line 62.
Applying: [2015/01/01] Make \] robust on input line 74.
LaTeX Info: Redefining \] on input line 75.
Already applied: [0000/00/00] Make \] robust on input line 83.
)
(c:/texlive/2018/texmf-dist/tex/latex/base/bk11.clo
File: bk11.clo 2014/09/29 v1.4h Standard LaTeX file (size option)
)
\c@part=\count80
\c@chapter=\count81
\c@section=\count82
\c@subsection=\count83
\c@subsubsection=\count84
\c@paragraph=\count85
\c@subparagraph=\count86
\c@figure=\count87
\c@table=\count88
\abovecaptionskip=\skip41
\belowcaptionskip=\skip42
\bibindent=\dimen103
)
\@input{sub/preamble.aux}
\openout2 = `sub/preamble.aux'.

(./sub/preamble.tex (c:/texlive/2018/texmf-dist/tex/latex/cjk-ko/kotex.sty
Package: kotex 2015/04/19 v1.6 Korean TeX (ko.TeX)

(c:/texlive/2018/texmf-dist/tex/latex/kotex-utf/kotex.cfg)
(c:/texlive/2018/texmf-dist/tex/latex/kotex-utf/kotexutf.sty
Package: kotexutf 2015/07/18 v2.1.1 typesetting UTF-8 Korean documents

(c:/texlive/2018/texmf-dist/tex/latex/base/inputenc.sty
Package: inputenc 2018/04/06 v1.3b Input encoding file
\inpenc@prehook=\toks14
\inpenc@posthook=\toks15
)
(c:/texlive/2018/texmf-dist/tex/plain/kotex-plain/kotexutf-core.tex
\unih@ngulpoint=\count89
\dhucs@emph@raise=\dimen104
)
Now handling font encoding LUC ...
... processing UTF-8 mapping file for font encoding LUC

(c:/texlive/2018/texmf-dist/tex/latex/kotex-utf/lucenc.dfu
File: lucenc.dfu 2007/09/05 UTF-8 support for dhucs
   defining Unicode char U+00B7 (decimal 183)
   defining Unicode char U+2018 (decimal 8216)
   defining Unicode char U+2019 (decimal 8217)
   defining Unicode char U+201C (decimal 8220)
   defining Unicode char U+201D (decimal 8221)
   defining Unicode char U+3001 (decimal 12289)
   defining Unicode char U+3002 (decimal 12290)
   defining Unicode char U+3008 (decimal 12296)
   defining Unicode char U+3009 (decimal 12297)
   defining Unicode char U+300A (decimal 12298)
   defining Unicode char U+300B (decimal 12299)
   defining Unicode char U+300C (decimal 12300)
   defining Unicode char U+300D (decimal 12301)
   defining Unicode char U+300E (decimal 12302)
   defining Unicode char U+300F (decimal 12303)
   defining Unicode char U+3010 (decimal 12304)
   defining Unicode char U+3011 (decimal 12305)
   defining Unicode char U+3014 (decimal 12308)
   defining Unicode char U+3015 (decimal 12309)
   defining Unicode char U+3016 (decimal 12310)
   defining Unicode char U+3017 (decimal 12311)
   defining Unicode char U+3018 (decimal 12312)
   defining Unicode char U+3019 (decimal 12313)
   defining Unicode char U+301A (decimal 12314)
   defining Unicode char U+301B (decimal 12315)
   defining Unicode char U+FF01 (decimal 65281)
   defining Unicode char U+FF08 (decimal 65288)
   defining Unicode char U+FF09 (decimal 65289)
   defining Unicode char U+FF0C (decimal 65292)
   defining Unicode char U+FF0E (decimal 65294)
   defining Unicode char U+FF1A (decimal 65306)
   defining Unicode char U+FF1B (decimal 65307)
   defining Unicode char U+FF1C (decimal 65308)
   defining Unicode char U+FF1D (decimal 65309)
   defining Unicode char U+FF1E (decimal 65310)
   defining Unicode char U+FF1F (decimal 65311)
   defining Unicode char U+FF3B (decimal 65339)
   defining Unicode char U+FF3D (decimal 65341)
   defining Unicode char U+FF5B (decimal 65371)
   defining Unicode char U+FF5D (decimal 65373)
   defining Unicode char U+FF61 (decimal 65377)
   defining Unicode char U+FF62 (decimal 65378)
   defining Unicode char U+FF63 (decimal 65379)
   defining Unicode char U+FF64 (decimal 65380)
   defining Unicode char U+FF65 (decimal 65381)
)
\@josa=\count90
\josatoks=\toks16

(c:/texlive/2018/texmf-dist/tex/latex/cjk-ko/kolabels-utf.sty
Package: kolabels-utf 2015/03/20 v1.5 UTF-8 Hangul item labels
)
(c:/texlive/2018/texmf-dist/tex/latex/kotex-utf/kosections-utf.sty
File: kosections-utf 2013/10/20 hangul option to kotex/utf
   defining Unicode char U+00BC (decimal 188)
   defining Unicode char U+00BD (decimal 189)
   defining Unicode char U+00BE (decimal 190)
   defining Unicode char U+02D0 (decimal 720)
   defining Unicode char U+2025 (decimal 8229)
   defining Unicode char U+2015 (decimal 8213)
   defining Unicode char U+2312 (decimal 8978)
   defining Unicode char U+203B (decimal 8251)

(c:/texlive/2018/texmf-dist/tex/latex/cjk-ko/konames-utf.sty
Package: konames-utf 2015/07/06 v1.7 UTF-8 Hangul captions
)
\raisedotdim=\dimen105
\dhucs@emph@width=\dimen106
\useremphraisedim=\dimen107
)))
(c:/texlive/2018/texmf-dist/tex/generic/ifxetex/ifxetex.sty
Package: ifxetex 2010/09/12 v0.6 Provides ifxetex conditional
)
(c:/texlive/2018/texmf-dist/tex/latex/listings/listings.sty
(c:/texlive/2018/texmf-dist/tex/latex/graphics/keyval.sty
Package: keyval 2014/10/28 v1.15 key=value parser (DPC)
\KV@toks@=\toks17
)
\lst@mode=\count91
\lst@gtempboxa=\box26
\lst@token=\toks18
\lst@length=\count92
\lst@currlwidth=\dimen108
\lst@column=\count93
\lst@pos=\count94
\lst@lostspace=\dimen109
\lst@width=\dimen110
\lst@newlines=\count95
\lst@lineno=\count96
\lst@maxwidth=\dimen111

(c:/texlive/2018/texmf-dist/tex/latex/listings/lstmisc.sty
File: lstmisc.sty 2015/06/04 1.6 (Carsten Heinz)
\c@lstnumber=\count97
\lst@skipnumbers=\count98
\lst@framebox=\box27
)
(c:/texlive/2018/texmf-dist/tex/latex/listings/listings.cfg
File: listings.cfg 2015/06/04 1.6 listings configuration
))
Package: listings 2015/06/04 1.6 (Carsten Heinz)

(c:/texlive/2018/texmf-dist/tex/latex/graphics/color.sty
Package: color 2016/07/10 v1.1e Standard LaTeX Color (DPC)

(c:/texlive/2018/texmf-dist/tex/latex/graphics-cfg/color.cfg
File: color.cfg 2016/01/02 v1.6 sample color configuration
)
Package color Info: Driver file: pdftex.def on input line 147.

(c:/texlive/2018/texmf-dist/tex/latex/graphics-def/pdftex.def
File: pdftex.def 2018/01/08 v1.0l Graphics/color driver for pdftex
))
(c:/texlive/2018/texmf-dist/tex/latex/listings/lstlang1.sty
File: lstlang1.sty 2015/06/04 1.6 listings language file
)
(c:/texlive/2018/texmf-dist/tex/latex/caption/caption.sty
Package: caption 2016/02/21 v3.3-144 Customizing captions (AR)

(c:/texlive/2018/texmf-dist/tex/latex/caption/caption3.sty
Package: caption3 2016/05/22 v1.7-166 caption3 kernel (AR)
Package caption3 Info: TeX engine: e-TeX on input line 67.
\captionmargin=\dimen112
\captionmargin@=\dimen113
\captionwidth=\dimen114
\caption@tempdima=\dimen115
\caption@indent=\dimen116
\caption@parindent=\dimen117
\caption@hangindent=\dimen118
)
\c@ContinuedFloat=\count99
Package caption Info: listings package is loaded.
)
(c:/texlive/2018/texmf-dist/tex/latex/caption/subcaption.sty
Package: subcaption 2016/05/22 v1.1-161 Sub-captions (AR)
\c@subfigure=\count100
\c@subtable=\count101
)
(c:/texlive/2018/texmf-dist/tex/latex/geometry/geometry.sty
Package: geometry 2018/03/24 v5.7 Page Geometry

(c:/texlive/2018/texmf-dist/tex/generic/oberdiek/ifpdf.sty
Package: ifpdf 2017/03/15 v3.2 Provides the ifpdf switch
)
(c:/texlive/2018/texmf-dist/tex/generic/oberdiek/ifvtex.sty
Package: ifvtex 2016/05/16 v1.6 Detect VTeX and its facilities (HO)
Package ifvtex Info: VTeX not detected.
)
\Gm@cnth=\count102
\Gm@cntv=\count103
\c@Gm@tempcnt=\count104
\Gm@bindingoffset=\dimen119
\Gm@wd@mp=\dimen120
\Gm@odd@mp=\dimen121
\Gm@even@mp=\dimen122
\Gm@layoutwidth=\dimen123
\Gm@layoutheight=\dimen124
\Gm@layouthoffset=\dimen125
\Gm@layoutvoffset=\dimen126
\Gm@dimlist=\toks19
)
(c:/texlive/2018/texmf-dist/tex/latex/graphics/graphicx.sty
Package: graphicx 2017/06/01 v1.1a Enhanced LaTeX Graphics (DPC,SPQR)

(c:/texlive/2018/texmf-dist/tex/latex/graphics/graphics.sty
Package: graphics 2017/06/25 v1.2c Standard LaTeX Graphics (DPC,SPQR)

(c:/texlive/2018/texmf-dist/tex/latex/graphics/trig.sty
Package: trig 2016/01/03 v1.10 sin cos tan (DPC)
)
(c:/texlive/2018/texmf-dist/tex/latex/graphics-cfg/graphics.cfg
File: graphics.cfg 2016/06/04 v1.11 sample graphics configuration
)
Package graphics Info: Driver file: pdftex.def on input line 99.
)
\Gin@req@height=\dimen127
\Gin@req@width=\dimen128
)
(c:/texlive/2018/texmf-dist/tex/latex/lipsum/lipsum.sty
Package: lipsum 2014/07/27 v1.3 150 paragraphs of Lorem Ipsum dummy text
\c@lips@count=\count105
)
(c:/texlive/2018/texmf-dist/tex/latex/pgf/frontendlayer/tikz.sty
(c:/texlive/2018/texmf-dist/tex/latex/pgf/basiclayer/pgf.sty
(c:/texlive/2018/texmf-dist/tex/latex/pgf/utilities/pgfrcs.sty
(c:/texlive/2018/texmf-dist/tex/generic/pgf/utilities/pgfutil-common.tex
\pgfutil@everybye=\toks20
\pgfutil@tempdima=\dimen129
\pgfutil@tempdimb=\dimen130

(c:/texlive/2018/texmf-dist/tex/generic/pgf/utilities/pgfutil-common-lists.tex)
) (c:/texlive/2018/texmf-dist/tex/generic/pgf/utilities/pgfutil-latex.def
\pgfutil@abb=\box28

(c:/texlive/2018/texmf-dist/tex/latex/ms/everyshi.sty
Package: everyshi 2001/05/15 v3.00 EveryShipout Package (MS)
))
(c:/texlive/2018/texmf-dist/tex/generic/pgf/utilities/pgfrcs.code.tex
Package: pgfrcs 2015/08/07 v3.0.1a (rcs-revision 1.31)
))
Package: pgf 2015/08/07 v3.0.1a (rcs-revision 1.15)

(c:/texlive/2018/texmf-dist/tex/latex/pgf/basiclayer/pgfcore.sty
(c:/texlive/2018/texmf-dist/tex/latex/pgf/systemlayer/pgfsys.sty
(c:/texlive/2018/texmf-dist/tex/generic/pgf/systemlayer/pgfsys.code.tex
Package: pgfsys 2014/07/09 v3.0.1a (rcs-revision 1.48)

(c:/texlive/2018/texmf-dist/tex/generic/pgf/utilities/pgfkeys.code.tex
\pgfkeys@pathtoks=\toks21
\pgfkeys@temptoks=\toks22

(c:/texlive/2018/texmf-dist/tex/generic/pgf/utilities/pgfkeysfiltered.code.tex
\pgfkeys@tmptoks=\toks23
))
\pgf@x=\dimen131
\pgf@y=\dimen132
\pgf@xa=\dimen133
\pgf@ya=\dimen134
\pgf@xb=\dimen135
\pgf@yb=\dimen136
\pgf@xc=\dimen137
\pgf@yc=\dimen138
\w@pgf@writea=\write3
\r@pgf@reada=\read1
\c@pgf@counta=\count106
\c@pgf@countb=\count107
\c@pgf@countc=\count108
\c@pgf@countd=\count109
\t@pgf@toka=\toks24
\t@pgf@tokb=\toks25
\t@pgf@tokc=\toks26
 (c:/texlive/2018/texmf-dist/tex/generic/pgf/systemlayer/pgf.cfg
File: pgf.cfg 2008/05/14  (rcs-revision 1.7)
)
Driver file for pgf: pgfsys-pdftex.def

(c:/texlive/2018/texmf-dist/tex/generic/pgf/systemlayer/pgfsys-pdftex.def
File: pgfsys-pdftex.def 2014/10/11  (rcs-revision 1.35)

(c:/texlive/2018/texmf-dist/tex/generic/pgf/systemlayer/pgfsys-common-pdf.def
File: pgfsys-common-pdf.def 2013/10/10  (rcs-revision 1.13)
)))
(c:/texlive/2018/texmf-dist/tex/generic/pgf/systemlayer/pgfsyssoftpath.code.tex
File: pgfsyssoftpath.code.tex 2013/09/09  (rcs-revision 1.9)
\pgfsyssoftpath@smallbuffer@items=\count110
\pgfsyssoftpath@bigbuffer@items=\count111
)
(c:/texlive/2018/texmf-dist/tex/generic/pgf/systemlayer/pgfsysprotocol.code.tex
File: pgfsysprotocol.code.tex 2006/10/16  (rcs-revision 1.4)
)) (c:/texlive/2018/texmf-dist/tex/latex/xcolor/xcolor.sty
Package: xcolor 2016/05/11 v2.12 LaTeX color extensions (UK)

(c:/texlive/2018/texmf-dist/tex/latex/graphics-cfg/color.cfg
File: color.cfg 2016/01/02 v1.6 sample color configuration
)
Package xcolor Info: Driver file: pdftex.def on input line 225.
LaTeX Info: Redefining \color on input line 709.
Package xcolor Info: Model `cmy' substituted by `cmy0' on input line 1348.
Package xcolor Info: Model `hsb' substituted by `rgb' on input line 1352.
Package xcolor Info: Model `RGB' extended on input line 1364.
Package xcolor Info: Model `HTML' substituted by `rgb' on input line 1366.
Package xcolor Info: Model `Hsb' substituted by `hsb' on input line 1367.
Package xcolor Info: Model `tHsb' substituted by `hsb' on input line 1368.
Package xcolor Info: Model `HSB' substituted by `hsb' on input line 1369.
Package xcolor Info: Model `Gray' substituted by `gray' on input line 1370.
Package xcolor Info: Model `wave' substituted by `hsb' on input line 1371.
)
(c:/texlive/2018/texmf-dist/tex/generic/pgf/basiclayer/pgfcore.code.tex
Package: pgfcore 2010/04/11 v3.0.1a (rcs-revision 1.7)

(c:/texlive/2018/texmf-dist/tex/generic/pgf/math/pgfmath.code.tex
(c:/texlive/2018/texmf-dist/tex/generic/pgf/math/pgfmathcalc.code.tex
(c:/texlive/2018/texmf-dist/tex/generic/pgf/math/pgfmathutil.code.tex)
(c:/texlive/2018/texmf-dist/tex/generic/pgf/math/pgfmathparser.code.tex
\pgfmath@dimen=\dimen139
\pgfmath@count=\count112
\pgfmath@box=\box29
\pgfmath@toks=\toks27
\pgfmath@stack@operand=\toks28
\pgfmath@stack@operation=\toks29
)
(c:/texlive/2018/texmf-dist/tex/generic/pgf/math/pgfmathfunctions.code.tex
(c:/texlive/2018/texmf-dist/tex/generic/pgf/math/pgfmathfunctions.basic.code.te
x)
(c:/texlive/2018/texmf-dist/tex/generic/pgf/math/pgfmathfunctions.trigonometric
.code.tex)
(c:/texlive/2018/texmf-dist/tex/generic/pgf/math/pgfmathfunctions.random.code.t
ex)
(c:/texlive/2018/texmf-dist/tex/generic/pgf/math/pgfmathfunctions.comparison.co
de.tex)
(c:/texlive/2018/texmf-dist/tex/generic/pgf/math/pgfmathfunctions.base.code.tex
)
(c:/texlive/2018/texmf-dist/tex/generic/pgf/math/pgfmathfunctions.round.code.te
x)
(c:/texlive/2018/texmf-dist/tex/generic/pgf/math/pgfmathfunctions.misc.code.tex
)
(c:/texlive/2018/texmf-dist/tex/generic/pgf/math/pgfmathfunctions.integerarithm
etics.code.tex)))
(c:/texlive/2018/texmf-dist/tex/generic/pgf/math/pgfmathfloat.code.tex
\c@pgfmathroundto@lastzeros=\count113
))
(c:/texlive/2018/texmf-dist/tex/generic/pgf/basiclayer/pgfcorepoints.code.tex
File: pgfcorepoints.code.tex 2013/10/07  (rcs-revision 1.27)
\pgf@picminx=\dimen140
\pgf@picmaxx=\dimen141
\pgf@picminy=\dimen142
\pgf@picmaxy=\dimen143
\pgf@pathminx=\dimen144
\pgf@pathmaxx=\dimen145
\pgf@pathminy=\dimen146
\pgf@pathmaxy=\dimen147
\pgf@xx=\dimen148
\pgf@xy=\dimen149
\pgf@yx=\dimen150
\pgf@yy=\dimen151
\pgf@zx=\dimen152
\pgf@zy=\dimen153
)
(c:/texlive/2018/texmf-dist/tex/generic/pgf/basiclayer/pgfcorepathconstruct.cod
e.tex
File: pgfcorepathconstruct.code.tex 2013/10/07  (rcs-revision 1.29)
\pgf@path@lastx=\dimen154
\pgf@path@lasty=\dimen155
)
(c:/texlive/2018/texmf-dist/tex/generic/pgf/basiclayer/pgfcorepathusage.code.te
x
File: pgfcorepathusage.code.tex 2014/11/02  (rcs-revision 1.24)
\pgf@shorten@end@additional=\dimen156
\pgf@shorten@start@additional=\dimen157
)
(c:/texlive/2018/texmf-dist/tex/generic/pgf/basiclayer/pgfcorescopes.code.tex
File: pgfcorescopes.code.tex 2015/05/08  (rcs-revision 1.46)
\pgfpic=\box30
\pgf@hbox=\box31
\pgf@layerbox@main=\box32
\pgf@picture@serial@count=\count114
)
(c:/texlive/2018/texmf-dist/tex/generic/pgf/basiclayer/pgfcoregraphicstate.code
.tex
File: pgfcoregraphicstate.code.tex 2014/11/02  (rcs-revision 1.12)
\pgflinewidth=\dimen158
)
(c:/texlive/2018/texmf-dist/tex/generic/pgf/basiclayer/pgfcoretransformations.c
ode.tex
File: pgfcoretransformations.code.tex 2015/08/07  (rcs-revision 1.20)
\pgf@pt@x=\dimen159
\pgf@pt@y=\dimen160
\pgf@pt@temp=\dimen161
)
(c:/texlive/2018/texmf-dist/tex/generic/pgf/basiclayer/pgfcorequick.code.tex
File: pgfcorequick.code.tex 2008/10/09  (rcs-revision 1.3)
)
(c:/texlive/2018/texmf-dist/tex/generic/pgf/basiclayer/pgfcoreobjects.code.tex
File: pgfcoreobjects.code.tex 2006/10/11  (rcs-revision 1.2)
)
(c:/texlive/2018/texmf-dist/tex/generic/pgf/basiclayer/pgfcorepathprocessing.co
de.tex
File: pgfcorepathprocessing.code.tex 2013/09/09  (rcs-revision 1.9)
)
(c:/texlive/2018/texmf-dist/tex/generic/pgf/basiclayer/pgfcorearrows.code.tex
File: pgfcorearrows.code.tex 2015/05/14  (rcs-revision 1.43)
\pgfarrowsep=\dimen162
)
(c:/texlive/2018/texmf-dist/tex/generic/pgf/basiclayer/pgfcoreshade.code.tex
File: pgfcoreshade.code.tex 2013/07/15  (rcs-revision 1.15)
\pgf@max=\dimen163
\pgf@sys@shading@range@num=\count115
)
(c:/texlive/2018/texmf-dist/tex/generic/pgf/basiclayer/pgfcoreimage.code.tex
File: pgfcoreimage.code.tex 2013/07/15  (rcs-revision 1.18)

(c:/texlive/2018/texmf-dist/tex/generic/pgf/basiclayer/pgfcoreexternal.code.tex
File: pgfcoreexternal.code.tex 2014/07/09  (rcs-revision 1.21)
\pgfexternal@startupbox=\box33
))
(c:/texlive/2018/texmf-dist/tex/generic/pgf/basiclayer/pgfcorelayers.code.tex
File: pgfcorelayers.code.tex 2013/07/18  (rcs-revision 1.7)
)
(c:/texlive/2018/texmf-dist/tex/generic/pgf/basiclayer/pgfcoretransparency.code
.tex
File: pgfcoretransparency.code.tex 2013/09/30  (rcs-revision 1.5)
)
(c:/texlive/2018/texmf-dist/tex/generic/pgf/basiclayer/pgfcorepatterns.code.tex
File: pgfcorepatterns.code.tex 2013/11/07  (rcs-revision 1.5)
)))
(c:/texlive/2018/texmf-dist/tex/generic/pgf/modules/pgfmoduleshapes.code.tex
File: pgfmoduleshapes.code.tex 2014/03/21  (rcs-revision 1.35)
\pgfnodeparttextbox=\box34
)
(c:/texlive/2018/texmf-dist/tex/generic/pgf/modules/pgfmoduleplot.code.tex
File: pgfmoduleplot.code.tex 2015/08/03  (rcs-revision 1.13)
)
(c:/texlive/2018/texmf-dist/tex/latex/pgf/compatibility/pgfcomp-version-0-65.st
y
Package: pgfcomp-version-0-65 2007/07/03 v3.0.1a (rcs-revision 1.7)
\pgf@nodesepstart=\dimen164
\pgf@nodesepend=\dimen165
)
(c:/texlive/2018/texmf-dist/tex/latex/pgf/compatibility/pgfcomp-version-1-18.st
y
Package: pgfcomp-version-1-18 2007/07/23 v3.0.1a (rcs-revision 1.1)
)) (c:/texlive/2018/texmf-dist/tex/latex/pgf/utilities/pgffor.sty
(c:/texlive/2018/texmf-dist/tex/latex/pgf/utilities/pgfkeys.sty
(c:/texlive/2018/texmf-dist/tex/generic/pgf/utilities/pgfkeys.code.tex))
(c:/texlive/2018/texmf-dist/tex/latex/pgf/math/pgfmath.sty
(c:/texlive/2018/texmf-dist/tex/generic/pgf/math/pgfmath.code.tex))
(c:/texlive/2018/texmf-dist/tex/generic/pgf/utilities/pgffor.code.tex
Package: pgffor 2013/12/13 v3.0.1a (rcs-revision 1.25)

(c:/texlive/2018/texmf-dist/tex/generic/pgf/math/pgfmath.code.tex)
\pgffor@iter=\dimen166
\pgffor@skip=\dimen167
\pgffor@stack=\toks30
\pgffor@toks=\toks31
))
(c:/texlive/2018/texmf-dist/tex/generic/pgf/frontendlayer/tikz/tikz.code.tex
Package: tikz 2015/08/07 v3.0.1a (rcs-revision 1.151)

(c:/texlive/2018/texmf-dist/tex/generic/pgf/libraries/pgflibraryplothandlers.co
de.tex
File: pgflibraryplothandlers.code.tex 2013/08/31 v3.0.1a (rcs-revision 1.20)
\pgf@plot@mark@count=\count116
\pgfplotmarksize=\dimen168
)
\tikz@lastx=\dimen169
\tikz@lasty=\dimen170
\tikz@lastxsaved=\dimen171
\tikz@lastysaved=\dimen172
\tikzleveldistance=\dimen173
\tikzsiblingdistance=\dimen174
\tikz@figbox=\box35
\tikz@figbox@bg=\box36
\tikz@tempbox=\box37
\tikz@tempbox@bg=\box38
\tikztreelevel=\count117
\tikznumberofchildren=\count118
\tikznumberofcurrentchild=\count119
\tikz@fig@count=\count120

(c:/texlive/2018/texmf-dist/tex/generic/pgf/modules/pgfmodulematrix.code.tex
File: pgfmodulematrix.code.tex 2013/09/17  (rcs-revision 1.8)
\pgfmatrixcurrentrow=\count121
\pgfmatrixcurrentcolumn=\count122
\pgf@matrix@numberofcolumns=\count123
)
\tikz@expandcount=\count124

(c:/texlive/2018/texmf-dist/tex/generic/pgf/frontendlayer/tikz/libraries/tikzli
brarytopaths.code.tex
File: tikzlibrarytopaths.code.tex 2008/06/17 v3.0.1a (rcs-revision 1.2)
)))
(c:/texlive/2018/texmf-dist/tex/generic/babel/babel.sty
Package: babel 2018/02/14 3.18 The Babel package

(c:/texlive/2018/texmf-dist/tex/generic/babel/switch.def
File: switch.def 2018/02/14 3.18 Babel switching mechanism
)
(c:/texlive/2018/texmf-dist/tex/generic/babel-english/english.ldf
Language: english 2017/06/06 v3.3r English support from the babel system

(c:/texlive/2018/texmf-dist/tex/generic/babel/babel.def
File: babel.def 2018/02/14 3.18 Babel common definitions
\babel@savecnt=\count125
\U@D=\dimen175

(c:/texlive/2018/texmf-dist/tex/generic/babel/txtbabel.def)
\bbl@dirlevel=\count126
)
\l@canadian = a dialect from \language\l@american 
\l@australian = a dialect from \language\l@british 
\l@newzealand = a dialect from \language\l@british 
))
(c:/texlive/2018/texmf-dist/tex/latex/enumitem/enumitem.sty
Package: enumitem 2011/09/28 v3.5.2 Customized lists
\labelindent=\skip43
\enit@outerparindent=\dimen176
\enit@toks=\toks32
\enit@inbox=\box39
\enitdp@description=\count127
)
(c:/texlive/2018/texmf-dist/tex/latex/booktabs/booktabs.sty
Package: booktabs 2016/04/27 v1.618033 publication quality tables
\heavyrulewidth=\dimen177
\lightrulewidth=\dimen178
\cmidrulewidth=\dimen179
\belowrulesep=\dimen180
\belowbottomsep=\dimen181
\aboverulesep=\dimen182
\abovetopsep=\dimen183
\cmidrulesep=\dimen184
\cmidrulekern=\dimen185
\defaultaddspace=\dimen186
\@cmidla=\count128
\@cmidlb=\count129
\@aboverulesep=\dimen187
\@belowrulesep=\dimen188
\@thisruleclass=\count130
\@lastruleclass=\count131
\@thisrulewidth=\dimen189
)
(c:/texlive/2018/texmf-dist/tex/latex/psnfss/avant.sty
Package: avant 2005/04/12 PSNFSS-v9.2a (SPQR) 
)
(c:/texlive/2018/texmf-dist/tex/latex/psnfss/mathptmx.sty
Package: mathptmx 2005/04/12 PSNFSS-v9.2a Times w/ Math, improved (SPQR, WaS) 
LaTeX Font Info:    Redeclaring symbol font `operators' on input line 28.
LaTeX Font Info:    Overwriting symbol font `operators' in version `normal'
(Font)                  OT1/cmr/m/n --> OT1/ztmcm/m/n on input line 28.
LaTeX Font Info:    Overwriting symbol font `operators' in version `bold'
(Font)                  OT1/cmr/bx/n --> OT1/ztmcm/m/n on input line 28.
LaTeX Font Info:    Redeclaring symbol font `letters' on input line 29.
LaTeX Font Info:    Overwriting symbol font `letters' in version `normal'
(Font)                  OML/cmm/m/it --> OML/ztmcm/m/it on input line 29.
LaTeX Font Info:    Overwriting symbol font `letters' in version `bold'
(Font)                  OML/cmm/b/it --> OML/ztmcm/m/it on input line 29.
LaTeX Font Info:    Redeclaring symbol font `symbols' on input line 30.
LaTeX Font Info:    Overwriting symbol font `symbols' in version `normal'
(Font)                  OMS/cmsy/m/n --> OMS/ztmcm/m/n on input line 30.
LaTeX Font Info:    Overwriting symbol font `symbols' in version `bold'
(Font)                  OMS/cmsy/b/n --> OMS/ztmcm/m/n on input line 30.
LaTeX Font Info:    Redeclaring symbol font `largesymbols' on input line 31.
LaTeX Font Info:    Overwriting symbol font `largesymbols' in version `normal'
(Font)                  OMX/cmex/m/n --> OMX/ztmcm/m/n on input line 31.
LaTeX Font Info:    Overwriting symbol font `largesymbols' in version `bold'
(Font)                  OMX/cmex/m/n --> OMX/ztmcm/m/n on input line 31.
\symbold=\mathgroup4
\symitalic=\mathgroup5
LaTeX Font Info:    Redeclaring math alphabet \mathbf on input line 34.
LaTeX Font Info:    Overwriting math alphabet `\mathbf' in version `normal'
(Font)                  OT1/cmr/bx/n --> OT1/ptm/bx/n on input line 34.
LaTeX Font Info:    Overwriting math alphabet `\mathbf' in version `bold'
(Font)                  OT1/cmr/bx/n --> OT1/ptm/bx/n on input line 34.
LaTeX Font Info:    Redeclaring math alphabet \mathit on input line 35.
LaTeX Font Info:    Overwriting math alphabet `\mathit' in version `normal'
(Font)                  OT1/cmr/m/it --> OT1/ptm/m/it on input line 35.
LaTeX Font Info:    Overwriting math alphabet `\mathit' in version `bold'
(Font)                  OT1/cmr/bx/it --> OT1/ptm/m/it on input line 35.
LaTeX Info: Redefining \hbar on input line 50.
)
(c:/texlive/2018/texmf-dist/tex/latex/microtype/microtype.sty
Package: microtype 2018/01/14 v2.7a Micro-typographical refinements (RS)
\MT@toks=\toks33
\MT@count=\count132
LaTeX Info: Redefining \textls on input line 793.
\MT@outer@kern=\dimen190
LaTeX Info: Redefining \textmicrotypecontext on input line 1339.
\MT@listname@count=\count133

(c:/texlive/2018/texmf-dist/tex/latex/microtype/microtype-pdftex.def
File: microtype-pdftex.def 2018/01/14 v2.7a Definitions specific to pdftex (RS)

LaTeX Info: Redefining \lsstyle on input line 913.
LaTeX Info: Redefining \lslig on input line 913.
\MT@outer@space=\skip44
)
Package microtype Info: Loading configuration file microtype.cfg.

(c:/texlive/2018/texmf-dist/tex/latex/microtype/microtype.cfg
File: microtype.cfg 2018/01/14 v2.7a microtype main configuration file (RS)
))
(c:/texlive/2018/texmf-dist/tex/latex/base/fontenc.sty
Package: fontenc 2017/04/05 v2.0i Standard LaTeX package

(c:/texlive/2018/texmf-dist/tex/latex/base/t1enc.def
File: t1enc.def 2017/04/05 v2.0i Standard LaTeX file
LaTeX Font Info:    Redeclaring font encoding T1 on input line 48.
))
(c:/texlive/2018/texmf-dist/tex/latex/biblatex/biblatex.sty
Package: biblatex 2018/03/04 v3.11 programmable bibliographies (PK/MW)

(c:/texlive/2018/texmf-dist/tex/generic/oberdiek/pdftexcmds.sty
Package: pdftexcmds 2018/01/30 v0.27 Utility functions of pdfTeX for LuaTeX (HO
)

(c:/texlive/2018/texmf-dist/tex/generic/oberdiek/infwarerr.sty
Package: infwarerr 2016/05/16 v1.4 Providing info/warning/error messages (HO)
)
(c:/texlive/2018/texmf-dist/tex/generic/oberdiek/ifluatex.sty
Package: ifluatex 2016/05/16 v1.4 Provides the ifluatex switch (HO)
Package ifluatex Info: LuaTeX not detected.
)
(c:/texlive/2018/texmf-dist/tex/generic/oberdiek/ltxcmds.sty
Package: ltxcmds 2016/05/16 v1.23 LaTeX kernel commands for general use (HO)
)
Package pdftexcmds Info: LuaTeX not detected.
Package pdftexcmds Info: \pdf@primitive is available.
Package pdftexcmds Info: \pdf@ifprimitive is available.
Package pdftexcmds Info: \pdfdraftmode found.
)
(c:/texlive/2018/texmf-dist/tex/latex/etoolbox/etoolbox.sty
Package: etoolbox 2018/02/11 v2.5e e-TeX tools for LaTeX (JAW)
\etb@tempcnta=\count134
)
(c:/texlive/2018/texmf-dist/tex/latex/oberdiek/kvoptions.sty
Package: kvoptions 2016/05/16 v3.12 Key value format for package options (HO)

(c:/texlive/2018/texmf-dist/tex/generic/oberdiek/kvsetkeys.sty
Package: kvsetkeys 2016/05/16 v1.17 Key value parser (HO)

(c:/texlive/2018/texmf-dist/tex/generic/oberdiek/etexcmds.sty
Package: etexcmds 2016/05/16 v1.6 Avoid name clashes with e-TeX commands (HO)
Package etexcmds Info: Could not find \expanded.
(etexcmds)             That can mean that you are not using pdfTeX 1.50 or
(etexcmds)             that some package has redefined \expanded.
(etexcmds)             In the latter case, load this package earlier.
)))
(c:/texlive/2018/texmf-dist/tex/latex/logreq/logreq.sty
Package: logreq 2010/08/04 v1.0 xml request logger
\lrq@indent=\count135

(c:/texlive/2018/texmf-dist/tex/latex/logreq/logreq.def
File: logreq.def 2010/08/04 v1.0 logreq spec v1.0
))
(c:/texlive/2018/texmf-dist/tex/latex/base/ifthen.sty
Package: ifthen 2014/09/29 v1.1c Standard LaTeX ifthen package (DPC)
)
(c:/texlive/2018/texmf-dist/tex/latex/url/url.sty
\Urlmuskip=\muskip10
Package: url 2013/09/16  ver 3.4  Verb mode for urls, etc.
)
(c:/texlive/2018/texmf-dist/tex/generic/xstring/xstring.sty
(c:/texlive/2018/texmf-dist/tex/generic/xstring/xstring.tex
\@xs@message=\write4
\integerpart=\count136
\decimalpart=\count137
)
Package: xstring 2013/10/13  v1.7c  String manipulations (C Tellechea)
)
\c@tabx@nest=\count138
\c@listtotal=\count139
\c@listcount=\count140
\c@liststart=\count141
\c@liststop=\count142
\c@citecount=\count143
\c@citetotal=\count144
\c@multicitecount=\count145
\c@multicitetotal=\count146
\c@instcount=\count147
\c@maxnames=\count148
\c@minnames=\count149
\c@maxitems=\count150
\c@minitems=\count151
\c@citecounter=\count152
\c@savedcitecounter=\count153
\c@uniquelist=\count154
\c@uniquename=\count155
\c@refsection=\count156
\c@refsegment=\count157
\c@maxextratitle=\count158
\c@maxextratitleyear=\count159
\c@maxextradate=\count160
\c@maxextraalpha=\count161
\c@abbrvpenalty=\count162
\c@highnamepenalty=\count163
\c@lownamepenalty=\count164
\c@maxparens=\count165
\c@parenlevel=\count166
\blx@tempcnta=\count167
\blx@tempcntb=\count168
\blx@tempcntc=\count169
\blx@maxsection=\count170
\blx@maxsegment@0=\count171
\blx@notetype=\count172
\blx@parenlevel@text=\count173
\blx@parenlevel@foot=\count174
\blx@sectionciteorder@0=\count175
\labelnumberwidth=\skip45
\labelalphawidth=\skip46
\biblabelsep=\skip47
\bibitemsep=\skip48
\bibnamesep=\skip49
\bibinitsep=\skip50
\bibparsep=\skip51
\bibhang=\skip52
\blx@bcfin=\read2
\blx@bcfout=\write5
\c@mincomprange=\count176
\c@maxcomprange=\count177
\c@mincompwidth=\count178
Package biblatex Info: Trying to load biblatex default data model...
Package biblatex Info: ... file 'blx-dm.def' found.

(c:/texlive/2018/texmf-dist/tex/latex/biblatex/blx-dm.def
File: blx-dm.def 2018/03/04 v3.11 biblatex localization (PK/MW)
)
Package biblatex Info: Trying to load biblatex style data model...
Package biblatex Info: ... file 'alphabetic.dbx' not found.
Package biblatex Info: Trying to load biblatex custom data model...
Package biblatex Info: ... file 'biblatex-dm.cfg' not found.
\c@afterword=\count179
\c@savedafterword=\count180
\c@annotator=\count181
\c@savedannotator=\count182
\c@author=\count183
\c@savedauthor=\count184
\c@bookauthor=\count185
\c@savedbookauthor=\count186
\c@commentator=\count187
\c@savedcommentator=\count188
\c@editor=\count189
\c@savededitor=\count190
\c@editora=\count191
\c@savededitora=\count192
\c@editorb=\count193
\c@savededitorb=\count194
\c@editorc=\count195
\c@savededitorc=\count196
\c@foreword=\count197
\c@savedforeword=\count198
\c@holder=\count199
\c@savedholder=\count266
\c@introduction=\count267
\c@savedintroduction=\count268
\c@namea=\count269
\c@savednamea=\count270
\c@nameb=\count271
\c@savednameb=\count272
\c@namec=\count273
\c@savednamec=\count274
\c@translator=\count275
\c@savedtranslator=\count276
\c@shortauthor=\count277
\c@savedshortauthor=\count278
\c@shorteditor=\count279
\c@savedshorteditor=\count280
\c@labelname=\count281
\c@savedlabelname=\count282
\c@institution=\count283
\c@savedinstitution=\count284
\c@lista=\count285
\c@savedlista=\count286
\c@listb=\count287
\c@savedlistb=\count288
\c@listc=\count289
\c@savedlistc=\count290
\c@listd=\count291
\c@savedlistd=\count292
\c@liste=\count293
\c@savedliste=\count294
\c@listf=\count295
\c@savedlistf=\count296
\c@location=\count297
\c@savedlocation=\count298
\c@organization=\count299
\c@savedorganization=\count300
\c@origlocation=\count301
\c@savedoriglocation=\count302
\c@origpublisher=\count303
\c@savedorigpublisher=\count304
\c@publisher=\count305
\c@savedpublisher=\count306
\c@language=\count307
\c@savedlanguage=\count308
\c@origlanguage=\count309
\c@savedoriglanguage=\count310
\c@pageref=\count311
\c@savedpageref=\count312
\shorthandwidth=\skip53
\shortjournalwidth=\skip54
\shortserieswidth=\skip55
\shorttitlewidth=\skip56
\shortauthorwidth=\skip57
\shorteditorwidth=\skip58
\locallabelnumberwidth=\skip59
\locallabelalphawidth=\skip60
\localshorthandwidth=\skip61
\localshortjournalwidth=\skip62
\localshortserieswidth=\skip63
\localshorttitlewidth=\skip64
\localshortauthorwidth=\skip65
\localshorteditorwidth=\skip66
Package biblatex Info: Trying to load compatibility code...
Package biblatex Info: ... file 'blx-compat.def' found.

(c:/texlive/2018/texmf-dist/tex/latex/biblatex/blx-compat.def
File: blx-compat.def 2018/03/04 v3.11 biblatex compatibility (PK/MW)
)
Package biblatex Info: Trying to load generic definitions...
Package biblatex Info: ... file 'biblatex.def' found.

(c:/texlive/2018/texmf-dist/tex/latex/biblatex/biblatex.def
File: biblatex.def 2018/03/04 v3.11 biblatex compatibility (PK/MW)
\c@textcitecount=\count313
\c@textcitetotal=\count314
\c@textcitemaxnames=\count315
\c@biburlnumpenalty=\count316
\c@biburlucpenalty=\count317
\c@biburllcpenalty=\count318
\c@smartand=\count319
)
Package biblatex Info: Trying to load bibliography style 'alphabetic'...
Package biblatex Info: ... file 'alphabetic.bbx' found.

(c:/texlive/2018/texmf-dist/tex/latex/biblatex/bbx/alphabetic.bbx
File: alphabetic.bbx 2018/03/04 v3.11 biblatex bibliography style (PK/MW)
Package biblatex Info: Trying to load bibliography style 'standard'...
Package biblatex Info: ... file 'standard.bbx' found.

(c:/texlive/2018/texmf-dist/tex/latex/biblatex/bbx/standard.bbx
File: standard.bbx 2018/03/04 v3.11 biblatex bibliography style (PK/MW)
\c@bbx:relatedcount=\count320
\c@bbx:relatedtotal=\count321
))
Package biblatex Info: Trying to load citation style 'numeric'...
Package biblatex Info: ... file 'numeric.cbx' found.

(c:/texlive/2018/texmf-dist/tex/latex/biblatex/cbx/numeric.cbx
File: numeric.cbx 2018/03/04 v3.11 biblatex citation style (PK/MW)
Package biblatex Info: Redefining '\cite'.
Package biblatex Info: Redefining '\parencite'.
Package biblatex Info: Redefining '\footcite'.
Package biblatex Info: Redefining '\footcitetext'.
Package biblatex Info: Redefining '\smartcite'.
Package biblatex Info: Redefining '\supercite'.
Package biblatex Info: Redefining '\textcite'.
Package biblatex Info: Redefining '\textcites'.
Package biblatex Info: Redefining '\cites'.
Package biblatex Info: Redefining '\parencites'.
Package biblatex Info: Redefining '\smartcites'.
)
Package biblatex Info: Trying to load configuration file...
Package biblatex Info: ... file 'biblatex.cfg' found.

(c:/texlive/2018/texmf-dist/tex/latex/biblatex/biblatex.cfg
File: biblatex.cfg 
)

Package biblatex Warning: 'babel' option is deprecated.
(biblatex)                Please use 'autolang' instead.

) (c:/texlive/2018/texmf-dist/tex/latex/tools/calc.sty
Package: calc 2017/05/25 v4.3 Infix arithmetic (KKT,FJ)
\calc@Acount=\count322
\calc@Bcount=\count323
\calc@Adimen=\dimen191
\calc@Bdimen=\dimen192
\calc@Askip=\skip67
\calc@Bskip=\skip68
LaTeX Info: Redefining \setlength on input line 80.
LaTeX Info: Redefining \addtolength on input line 81.
\calc@Ccount=\count324
\calc@Cskip=\skip69
)
(c:/texlive/2018/texmf-dist/tex/latex/base/makeidx.sty
Package: makeidx 2014/09/29 v1.0m Standard LaTeX package
)
\@indexfile=\write6
\openout6 = `book_main.idx'.


Writing index file book_main.idx
(c:/texlive/2018/texmf-dist/tex/latex/titlesec/titletoc.sty
Package: titletoc 2011/12/15 v1.6 TOC entries
\ttl@leftsep=\dimen193
)
(c:/texlive/2018/texmf-dist/tex/latex/fancyhdr/fancyhdr.sty
Package: fancyhdr 2017/06/30 v3.9a Extensive control of page headers and footer
s
\f@nch@headwidth=\skip70
\f@nch@O@elh=\skip71
\f@nch@O@erh=\skip72
\f@nch@O@olh=\skip73
\f@nch@O@orh=\skip74
\f@nch@O@elf=\skip75
\f@nch@O@erf=\skip76
\f@nch@O@olf=\skip77
\f@nch@O@orf=\skip78
)
(c:/texlive/2018/texmf-dist/tex/latex/amsmath/amsmath.sty
Package: amsmath 2017/09/02 v2.17a AMS math features
\@mathmargin=\skip79

For additional information on amsmath, use the `?' option.
(c:/texlive/2018/texmf-dist/tex/latex/amsmath/amstext.sty
Package: amstext 2000/06/29 v2.01 AMS text

(c:/texlive/2018/texmf-dist/tex/latex/amsmath/amsgen.sty
File: amsgen.sty 1999/11/30 v2.0 generic functions
\@emptytoks=\toks34
\ex@=\dimen194
))
(c:/texlive/2018/texmf-dist/tex/latex/amsmath/amsbsy.sty
Package: amsbsy 1999/11/29 v1.2d Bold Symbols
\pmbraise@=\dimen195
)
(c:/texlive/2018/texmf-dist/tex/latex/amsmath/amsopn.sty
Package: amsopn 2016/03/08 v2.02 operator names
)
\inf@bad=\count325
LaTeX Info: Redefining \frac on input line 213.
\uproot@=\count326
\leftroot@=\count327
LaTeX Info: Redefining \overline on input line 375.
\classnum@=\count328
\DOTSCASE@=\count329
LaTeX Info: Redefining \ldots on input line 472.
LaTeX Info: Redefining \dots on input line 475.
LaTeX Info: Redefining \cdots on input line 596.
\Mathstrutbox@=\box40
\strutbox@=\box41
\big@size=\dimen196
LaTeX Font Info:    Redeclaring font encoding OML on input line 712.
LaTeX Font Info:    Redeclaring font encoding OMS on input line 713.
\macc@depth=\count330
\c@MaxMatrixCols=\count331
\dotsspace@=\muskip11
\c@parentequation=\count332
\dspbrk@lvl=\count333
\tag@help=\toks35
\row@=\count334
\column@=\count335
\maxfields@=\count336
\andhelp@=\toks36
\eqnshift@=\dimen197
\alignsep@=\dimen198
\tagshift@=\dimen199
\tagwidth@=\dimen256
\totwidth@=\dimen257
\lineht@=\dimen258
\@envbody=\toks37
\multlinegap=\skip80
\multlinetaggap=\skip81
\mathdisplay@stack=\toks38
LaTeX Info: Redefining \[ on input line 2817.
LaTeX Info: Redefining \] on input line 2818.
)
(c:/texlive/2018/texmf-dist/tex/latex/amsfonts/amsfonts.sty
Package: amsfonts 2013/01/14 v3.01 Basic AMSFonts support
\symAMSa=\mathgroup6
\symAMSb=\mathgroup7
LaTeX Font Info:    Overwriting math alphabet `\mathfrak' in version `bold'
(Font)                  U/euf/m/n --> U/euf/b/n on input line 106.
)
(c:/texlive/2018/texmf-dist/tex/latex/amsfonts/amssymb.sty
Package: amssymb 2013/01/14 v3.01 AMS font symbols
)
(c:/texlive/2018/texmf-dist/tex/latex/amscls/amsthm.sty
Package: amsthm 2017/10/31 v2.20.4
\thm@style=\toks39
\thm@bodyfont=\toks40
\thm@headfont=\toks41
\thm@notefont=\toks42
\thm@headpunct=\toks43
\thm@preskip=\skip82
\thm@postskip=\skip83
\thm@headsep=\skip84
\dth@everypar=\toks44
)
\c@notation=\count337
\c@dummy=\count338
\c@problem=\count339
\c@exerciseT=\count340
\c@exampleT=\count341
\c@vocabulary=\count342
\c@definitionT=\count343
\c@codeT=\count344

(c:/texlive/2018/texmf-dist/tex/latex/mdframed/mdframed.sty
Package: mdframed 2013/07/01 1.9b: mdframed

(c:/texlive/2018/texmf-dist/tex/latex/l3packages/xparse/xparse.sty
(c:/texlive/2018/texmf-dist/tex/latex/l3kernel/expl3.sty
Package: expl3 2018/03/05 L3 programming layer (loader) 

(c:/texlive/2018/texmf-dist/tex/latex/l3kernel/expl3-code.tex
Package: expl3 2018/03/05 L3 programming layer (code)
\c_max_int=\count345
\l_tmpa_int=\count346
\l_tmpb_int=\count347
\g_tmpa_int=\count348
\g_tmpb_int=\count349
\g__intarray_font_int=\count350
\g__prg_map_int=\count351
\c_log_iow=\count352
\l_iow_line_count_int=\count353
\l__iow_line_target_int=\count354
\l__iow_one_indent_int=\count355
\l__iow_indent_int=\count356
\c_zero_dim=\dimen259
\c_max_dim=\dimen260
\l_tmpa_dim=\dimen261
\l_tmpb_dim=\dimen262
\g_tmpa_dim=\dimen263
\g_tmpb_dim=\dimen264
\c_zero_skip=\skip85
\c_max_skip=\skip86
\l_tmpa_skip=\skip87
\l_tmpb_skip=\skip88
\g_tmpa_skip=\skip89
\g_tmpb_skip=\skip90
\c_zero_muskip=\muskip12
\c_max_muskip=\muskip13
\l_tmpa_muskip=\muskip14
\l_tmpb_muskip=\muskip15
\g_tmpa_muskip=\muskip16
\g_tmpb_muskip=\muskip17
\l_keys_choice_int=\count357
\c__fp_leading_shift_int=\count358
\c__fp_middle_shift_int=\count359
\c__fp_trailing_shift_int=\count360
\c__fp_big_leading_shift_int=\count361
\c__fp_big_middle_shift_int=\count362
\c__fp_big_trailing_shift_int=\count363
\c__fp_Bigg_leading_shift_int=\count364
\c__fp_Bigg_middle_shift_int=\count365
\c__fp_Bigg_trailing_shift_int=\count366
\c__fp_rand_size_int=\count367
\c__fp_rand_four_int=\count368
\c__fp_rand_eight_int=\count369
\l__sort_length_int=\count370
\l__sort_min_int=\count371
\l__sort_top_int=\count372
\l__sort_max_int=\count373
\l__sort_true_max_int=\count374
\l__sort_block_int=\count375
\l__sort_begin_int=\count376
\l__sort_end_int=\count377
\l__sort_A_int=\count378
\l__sort_B_int=\count379
\l__sort_C_int=\count380
\l__tl_build_start_index_int=\count381
\l__tl_build_index_int=\count382
\l__tl_analysis_normal_int=\count383
\l__tl_analysis_index_int=\count384
\l__tl_analysis_nesting_int=\count385
\l__tl_analysis_type_int=\count386
\l__regex_internal_a_int=\count387
\l__regex_internal_b_int=\count388
\l__regex_internal_c_int=\count389
\l__regex_balance_int=\count390
\l__regex_group_level_int=\count391
\l__regex_mode_int=\count392
\c__regex_cs_in_class_mode_int=\count393
\c__regex_cs_mode_int=\count394
\l__regex_catcodes_int=\count395
\l__regex_default_catcodes_int=\count396
\c__regex_catcode_D_int=\count397
\c__regex_catcode_S_int=\count398
\c__regex_catcode_L_int=\count399
\c__regex_catcode_O_int=\count400
\c__regex_catcode_A_int=\count401
\c__regex_all_catcodes_int=\count402
\l__regex_show_lines_int=\count403
\l__regex_min_state_int=\count404
\l__regex_max_state_int=\count405
\l__regex_left_state_int=\count406
\l__regex_right_state_int=\count407
\l__regex_capturing_group_int=\count408
\l__regex_min_pos_int=\count409
\l__regex_max_pos_int=\count410
\l__regex_curr_pos_int=\count411
\l__regex_start_pos_int=\count412
\l__regex_success_pos_int=\count413
\l__regex_curr_char_int=\count414
\l__regex_curr_catcode_int=\count415
\l__regex_last_char_int=\count416
\l__regex_case_changed_char_int=\count417
\l__regex_curr_state_int=\count418
\l__regex_step_int=\count419
\l__regex_min_active_int=\count420
\l__regex_max_active_int=\count421
\l__regex_replacement_csnames_int=\count422
\l__regex_match_count_int=\count423
\l__regex_min_submatch_int=\count424
\l__regex_submatch_int=\count425
\l__regex_zeroth_submatch_int=\count426
\g__regex_trace_regex_int=\count427
\c_empty_box=\box42
\l_tmpa_box=\box43
\l_tmpb_box=\box44
\g_tmpa_box=\box45
\g_tmpb_box=\box46
\l__box_top_dim=\dimen265
\l__box_bottom_dim=\dimen266
\l__box_left_dim=\dimen267
\l__box_right_dim=\dimen268
\l__box_top_new_dim=\dimen269
\l__box_bottom_new_dim=\dimen270
\l__box_left_new_dim=\dimen271
\l__box_right_new_dim=\dimen272
\l__box_internal_box=\box47
\l__coffin_internal_box=\box48
\l__coffin_internal_dim=\dimen273
\l__coffin_offset_x_dim=\dimen274
\l__coffin_offset_y_dim=\dimen275
\l__coffin_x_dim=\dimen276
\l__coffin_y_dim=\dimen277
\l__coffin_x_prime_dim=\dimen278
\l__coffin_y_prime_dim=\dimen279
\c_empty_coffin=\box49
\l__coffin_aligned_coffin=\box50
\l__coffin_aligned_internal_coffin=\box51
\l_tmpa_coffin=\box52
\l_tmpb_coffin=\box53
\l__coffin_display_coffin=\box54
\l__coffin_display_coord_coffin=\box55
\l__coffin_display_pole_coffin=\box56
\l__coffin_display_offset_dim=\dimen280
\l__coffin_display_x_dim=\dimen281
\l__coffin_display_y_dim=\dimen282
\l__coffin_bounding_shift_dim=\dimen283
\l__coffin_left_corner_dim=\dimen284
\l__coffin_right_corner_dim=\dimen285
\l__coffin_bottom_corner_dim=\dimen286
\l__coffin_top_corner_dim=\dimen287
\l__coffin_scaled_total_height_dim=\dimen288
\l__coffin_scaled_width_dim=\dimen289
)
(c:/texlive/2018/texmf-dist/tex/latex/l3kernel/l3pdfmode.def
File: l3pdfmode.def 2017/03/18 v L3 Experimental driver: PDF mode
\l__driver_color_stack_int=\count428
))
Package: xparse 2018/02/21 L3 Experimental document command parser
\l__xparse_current_arg_int=\count429
\g__xparse_grabber_int=\count430
\l__xparse_m_args_int=\count431
\l__xparse_mandatory_args_int=\count432
\l__xparse_v_nesting_int=\count433
)
(c:/texlive/2018/texmf-dist/tex/latex/oberdiek/zref-abspage.sty
Package: zref-abspage 2016/05/21 v2.26 Module abspage for zref (HO)

(c:/texlive/2018/texmf-dist/tex/latex/oberdiek/zref-base.sty
Package: zref-base 2016/05/21 v2.26 Module base for zref (HO)

(c:/texlive/2018/texmf-dist/tex/generic/oberdiek/kvdefinekeys.sty
Package: kvdefinekeys 2016/05/16 v1.4 Define keys (HO)
)
(c:/texlive/2018/texmf-dist/tex/latex/oberdiek/auxhook.sty
Package: auxhook 2016/05/16 v1.4 Hooks for auxiliary files (HO)
)
Package zref Info: New property list: main on input line 759.
Package zref Info: New property: default on input line 760.
Package zref Info: New property: page on input line 761.
)
(c:/texlive/2018/texmf-dist/tex/generic/oberdiek/atbegshi.sty
Package: atbegshi 2016/06/09 v1.18 At begin shipout hook (HO)
)
\c@abspage=\count434
Package zref Info: New property: abspage on input line 62.
)
(c:/texlive/2018/texmf-dist/tex/latex/needspace/needspace.sty
Package: needspace 2010/09/12 v1.3d reserve vertical space
)
\mdf@templength=\skip91
\c@mdf@globalstyle@cnt=\count435
\mdf@skipabove@length=\skip92
\mdf@skipbelow@length=\skip93
\mdf@leftmargin@length=\skip94
\mdf@rightmargin@length=\skip95
\mdf@innerleftmargin@length=\skip96
\mdf@innerrightmargin@length=\skip97
\mdf@innertopmargin@length=\skip98
\mdf@innerbottommargin@length=\skip99
\mdf@splittopskip@length=\skip100
\mdf@splitbottomskip@length=\skip101
\mdf@outermargin@length=\skip102
\mdf@innermargin@length=\skip103
\mdf@linewidth@length=\skip104
\mdf@innerlinewidth@length=\skip105
\mdf@middlelinewidth@length=\skip106
\mdf@outerlinewidth@length=\skip107
\mdf@roundcorner@length=\skip108
\mdf@footenotedistance@length=\skip109
\mdf@userdefinedwidth@length=\skip110
\mdf@needspace@length=\skip111
\mdf@frametitleaboveskip@length=\skip112
\mdf@frametitlebelowskip@length=\skip113
\mdf@frametitlerulewidth@length=\skip114
\mdf@frametitleleftmargin@length=\skip115
\mdf@frametitlerightmargin@length=\skip116
\mdf@shadowsize@length=\skip117
\mdf@extratopheight@length=\skip118
\mdf@subtitleabovelinewidth@length=\skip119
\mdf@subtitlebelowlinewidth@length=\skip120
\mdf@subtitleaboveskip@length=\skip121
\mdf@subtitlebelowskip@length=\skip122
\mdf@subtitleinneraboveskip@length=\skip123
\mdf@subtitleinnerbelowskip@length=\skip124
\mdf@subsubtitleabovelinewidth@length=\skip125
\mdf@subsubtitlebelowlinewidth@length=\skip126
\mdf@subsubtitleaboveskip@length=\skip127
\mdf@subsubtitlebelowskip@length=\skip128
\mdf@subsubtitleinneraboveskip@length=\skip129
\mdf@subsubtitleinnerbelowskip@length=\skip130

(c:/texlive/2018/texmf-dist/tex/latex/mdframed/md-frame-0.mdf
File: md-frame-0.mdf 2013/07/01\ 1.9b: md-frame-0
)
\mdf@frametitlebox=\box57
\mdf@footnotebox=\box58
\mdf@splitbox@one=\box59
\mdf@splitbox@two=\box60
\mdf@splitbox@save=\box61
\mdfsplitboxwidth=\skip131
\mdfsplitboxtotalwidth=\skip132
\mdfsplitboxheight=\skip133
\mdfsplitboxdepth=\skip134
\mdfsplitboxtotalheight=\skip135
\mdfframetitleboxwidth=\skip136
\mdfframetitleboxtotalwidth=\skip137
\mdfframetitleboxheight=\skip138
\mdfframetitleboxdepth=\skip139
\mdfframetitleboxtotalheight=\skip140
\mdffootnoteboxwidth=\skip141
\mdffootnoteboxtotalwidth=\skip142
\mdffootnoteboxheight=\skip143
\mdffootnoteboxdepth=\skip144
\mdffootnoteboxtotalheight=\skip145
\mdftotallinewidth=\skip146
\mdfboundingboxwidth=\skip147
\mdfboundingboxtotalwidth=\skip148
\mdfboundingboxheight=\skip149
\mdfboundingboxdepth=\skip150
\mdfboundingboxtotalheight=\skip151
\mdf@freevspace@length=\skip152
\mdf@horizontalwidthofbox@length=\skip153
\mdf@verticalmarginwhole@length=\skip154
\mdf@horizontalspaceofbox=\skip155
\mdfsubtitleheight=\skip156
\mdfsubsubtitleheight=\skip157
\c@mdfcountframes=\count436

****** mdframed patching \endmdf@trivlist

****** -- success******

.................................................
. LaTeX info: "xparse/define-command"
. 
. Defining command \newmdtheoremenv with sig. 'O{} m o m o ' on line 601.
.................................................
.................................................
. LaTeX info: "xparse/define-command"
. 
. Defining command \mdtheorem with sig. ' O{} m o m o ' on line 701.
.................................................
\mdf@envdepth=\count437
\c@mdf@env@i=\count438
\c@mdf@env@ii=\count439
\c@mdf@zref@counter=\count440
Package zref Info: New property: mdf@pagevalue on input line 895.
)
\esp=\skip158
\ecart=\skip159

(c:/texlive/2018/texmf-dist/tex/latex/hyperref/hyperref.sty
Package: hyperref 2018/02/06 v6.86b Hypertext links for LaTeX

(c:/texlive/2018/texmf-dist/tex/generic/oberdiek/hobsub-hyperref.sty
Package: hobsub-hyperref 2016/05/16 v1.14 Bundle oberdiek, subset hyperref (HO)


(c:/texlive/2018/texmf-dist/tex/generic/oberdiek/hobsub-generic.sty
Package: hobsub-generic 2016/05/16 v1.14 Bundle oberdiek, subset generic (HO)
Package: hobsub 2016/05/16 v1.14 Construct package bundles (HO)
Package hobsub Info: Skipping package `infwarerr' (already loaded).
Package hobsub Info: Skipping package `ltxcmds' (already loaded).
Package hobsub Info: Skipping package `ifluatex' (already loaded).
Package hobsub Info: Skipping package `ifvtex' (already loaded).
Package: intcalc 2016/05/16 v1.2 Expandable calculations with integers (HO)
Package hobsub Info: Skipping package `ifpdf' (already loaded).
Package hobsub Info: Skipping package `etexcmds' (already loaded).
Package hobsub Info: Skipping package `kvsetkeys' (already loaded).
Package hobsub Info: Skipping package `kvdefinekeys' (already loaded).
Package hobsub Info: Skipping package `pdftexcmds' (already loaded).
Package: pdfescape 2016/05/16 v1.14 Implements pdfTeX's escape features (HO)
Package: bigintcalc 2016/05/16 v1.4 Expandable calculations on big integers (HO
)
Package: bitset 2016/05/16 v1.2 Handle bit-vector datatype (HO)
Package: uniquecounter 2016/05/16 v1.3 Provide unlimited unique counter (HO)
)
Package hobsub Info: Skipping package `hobsub' (already loaded).
Package: letltxmacro 2016/05/16 v1.5 Let assignment for LaTeX macros (HO)
Package: hopatch 2016/05/16 v1.3 Wrapper for package hooks (HO)
Package: xcolor-patch 2016/05/16 xcolor patch
Package: atveryend 2016/05/16 v1.9 Hooks at the very end of document (HO)
Package hobsub Info: Skipping package `atbegshi' (already loaded).
Package: refcount 2016/05/16 v3.5 Data extraction from label references (HO)
Package: hycolor 2016/05/16 v1.8 Color options for hyperref/bookmark (HO)
)
\@linkdim=\dimen290
\Hy@linkcounter=\count441
\Hy@pagecounter=\count442

(c:/texlive/2018/texmf-dist/tex/latex/hyperref/pd1enc.def
File: pd1enc.def 2018/02/06 v6.86b Hyperref: PDFDocEncoding definition (HO)
Now handling font encoding PD1 ...
... no UTF-8 mapping file for font encoding PD1
)
\Hy@SavedSpaceFactor=\count443

(c:/texlive/2018/texmf-dist/tex/latex/latexconfig/hyperref.cfg
File: hyperref.cfg 2002/06/06 v1.2 hyperref configuration of TeXLive
)
Package hyperref Info: Hyper figures OFF on input line 4509.
Package hyperref Info: Link nesting OFF on input line 4514.
Package hyperref Info: Hyper index ON on input line 4517.
Package hyperref Info: Plain pages OFF on input line 4524.
Package hyperref Info: Backreferencing OFF on input line 4529.
Package hyperref Info: Implicit mode ON; LaTeX internals redefined.
Package hyperref Info: Bookmarks ON on input line 4762.
\c@Hy@tempcnt=\count444
LaTeX Info: Redefining \url on input line 5115.
\XeTeXLinkMargin=\dimen291
\Fld@menulength=\count445
\Field@Width=\dimen292
\Fld@charsize=\dimen293
Package hyperref Info: Hyper figures OFF on input line 6369.
Package hyperref Info: Link nesting OFF on input line 6374.
Package hyperref Info: Hyper index ON on input line 6377.
Package hyperref Info: backreferencing OFF on input line 6384.
Package hyperref Info: Link coloring OFF on input line 6389.
Package hyperref Info: Link coloring with OCG OFF on input line 6394.
Package hyperref Info: PDF/A mode OFF on input line 6399.
LaTeX Info: Redefining \ref on input line 6439.
LaTeX Info: Redefining \pageref on input line 6443.
\Hy@abspage=\count446
\c@Item=\count447
\c@Hfootnote=\count448
)
Package hyperref Info: Driver (autodetected): hpdftex.

(c:/texlive/2018/texmf-dist/tex/latex/hyperref/hpdftex.def
File: hpdftex.def 2018/02/06 v6.86b Hyperref driver for pdfTeX
\HyAnn@Count=\count449
\Fld@listcount=\count450
\c@bookmark@seq@number=\count451

(c:/texlive/2018/texmf-dist/tex/latex/oberdiek/rerunfilecheck.sty
Package: rerunfilecheck 2016/05/16 v1.8 Rerun checks for auxiliary files (HO)
Package uniquecounter Info: New unique counter `rerunfilecheck' on input line 2
82.
)
\Hy@SectionHShift=\skip160
)

Package hyperref Warning: Option `backref' has already been used,
(hyperref)                setting the option has no effect on input line 583.


Package hyperref Warning: Option `pagebackref' has already been used,
(hyperref)                setting the option has no effect on input line 583.


Package hyperref Warning: Option `hyperindex' has already been used,
(hyperref)                setting the option has no effect on input line 583.

Package hyperref Info: Option `colorlinks' set `false' on input line 583.
Package hyperref Info: Option `breaklinks' set `true' on input line 583.

Package hyperref Warning: Option `bookmarks' has already been used,
(hyperref)                setting the option has no effect on input line 583.

Package hyperref Info: Option `bookmarksopen' set `false' on input line 583.
(c:/texlive/2018/texmf-dist/tex/latex/oberdiek/bookmark.sty
Package: bookmark 2016/05/17 v1.26 PDF bookmarks (HO)

(c:/texlive/2018/texmf-dist/tex/latex/oberdiek/bkm-pdftex.def
File: bkm-pdftex.def 2016/05/17 v1.26 bookmark driver for pdfTeX (HO)
\BKM@id=\count452
)))
Package biblatex Info: Trying to load language 'english'...
Package biblatex Info: ... file 'english.lbx' found.

(c:/texlive/2018/texmf-dist/tex/latex/biblatex/lbx/english.lbx
File: english.lbx 2018/03/04 v3.11 biblatex localization (PK/MW)
)

Package biblatex Warning: 'babel/polyglossia' detected but 'csquotes' missing.
(biblatex)                Loading 'csquotes' recommended.

\@quotelevel=\count453
\@quotereset=\count454
(./book_main.aux (./sub/title.aux) (./sub/part01.aux) (./sub/footer.aux))
\openout1 = `book_main.aux'.

LaTeX Font Info:    Checking defaults for OML/cmm/m/it on input line 53.
LaTeX Font Info:    ... okay on input line 53.
LaTeX Font Info:    Checking defaults for T1/cmr/m/n on input line 53.
LaTeX Font Info:    ... okay on input line 53.
LaTeX Font Info:    Checking defaults for OT1/cmr/m/n on input line 53.
LaTeX Font Info:    ... okay on input line 53.
LaTeX Font Info:    Checking defaults for OMS/cmsy/m/n on input line 53.
LaTeX Font Info:    ... okay on input line 53.
LaTeX Font Info:    Checking defaults for OMX/cmex/m/n on input line 53.
LaTeX Font Info:    ... okay on input line 53.
LaTeX Font Info:    Checking defaults for U/cmr/m/n on input line 53.
LaTeX Font Info:    ... okay on input line 53.
LaTeX Font Info:    Checking defaults for LUC/nanummj/m/n on input line 53.
LaTeX Font Info:    Try loading font information for LUC+nanummj on input line 
53.

(c:/texlive/2018/texmf-dist/tex/latex/nanumtype1/lucnanummj.fd
File: lucnanummj.fd 2013/02/12 v0.1 Nanum Myeongjo font definitions
)
LaTeX Font Info:    ... okay on input line 53.
LaTeX Font Info:    Checking defaults for PD1/pdf/m/n on input line 53.
LaTeX Font Info:    ... okay on input line 53.
LaTeX Font Info:    Try loading font information for T1+ptm on input line 53.

(c:/texlive/2018/texmf-dist/tex/latex/psnfss/t1ptm.fd
File: t1ptm.fd 2001/06/04 font definitions for T1/ptm.
)
\c@lstlisting=\count455

(c:/texlive/2018/texmf-dist/tex/context/base/mkii/supp-pdf.mkii
[Loading MPS to PDF converter (version 2006.09.02).]
\scratchcounter=\count456
\scratchdimen=\dimen294
\scratchbox=\box62
\nofMPsegments=\count457
\nofMParguments=\count458
\everyMPshowfont=\toks45
\MPscratchCnt=\count459
\MPscratchDim=\dimen295
\MPnumerator=\count460
\makeMPintoPDFobject=\count461
\everyMPtoPDFconversion=\toks46
) (c:/texlive/2018/texmf-dist/tex/latex/oberdiek/epstopdf-base.sty
Package: epstopdf-base 2016/05/15 v2.6 Base part for package epstopdf

(c:/texlive/2018/texmf-dist/tex/latex/oberdiek/grfext.sty
Package: grfext 2016/05/16 v1.2 Manage graphics extensions (HO)
)
Package epstopdf-base Info: Redefining graphics rule for `.eps' on input line 4
38.
Package grfext Info: Graphics extension search list:
(grfext)             [.pdf,.png,.jpg,.mps,.jpeg,.jbig2,.jb2,.PDF,.PNG,.JPG,.JPE
G,.JBIG2,.JB2,.eps]
(grfext)             \AppendGraphicsExtensions on input line 456.

(c:/texlive/2018/texmf-dist/tex/latex/latexconfig/epstopdf-sys.cfg
File: epstopdf-sys.cfg 2010/07/13 v1.3 Configuration of (r)epstopdf for TeX Liv
e
))
Package caption Info: Begin \AtBeginDocument code.
Package caption Info: hyperref package is loaded.
Package caption Info: End \AtBeginDocument code.

*geometry* driver: auto-detecting
*geometry* detected driver: pdftex
*geometry* verbose mode - [ preamble ] result:
* driver: pdftex
* paper: a4paper
* layout: <same size as paper>
* layoutoffset:(h,v)=(0.0pt,0.0pt)
* modes: twoside 
* h-part:(L,W,R)=(85.35826pt, 426.79135pt, 85.35826pt)
* v-part:(T,H,B)=(85.35826pt, 674.33032pt, 85.35826pt)
* \paperwidth=597.50787pt
* \paperheight=845.04684pt
* \textwidth=426.79135pt
* \textheight=674.33032pt
* \oddsidemargin=13.08827pt
* \evensidemargin=13.08827pt
* \topmargin=-8.91173pt
* \headheight=14.5pt
* \headsep=10.0pt
* \topskip=11.0pt
* \footskip=27.46295pt
* \marginparwidth=116.0pt
* \marginparsep=7.0pt
* \columnsep=10.0pt
* \skip\footins=10.0pt plus 4.0pt minus 2.0pt
* \hoffset=0.0pt
* \voffset=0.0pt
* \mag=1000
* \@twocolumnfalse
* \@twosidetrue
* \@mparswitchtrue
* \@reversemarginfalse
* (1in=72.27pt=25.4mm, 1cm=28.453pt)

ABD: EveryShipout initializing macros

Package microtype Warning: Command \pickup@font is not defined as expected.
(microtype)                Patching it anyway. Some things may break.
(microtype)                Double-check whether micro-typography is indeed
(microtype)                applied to the document.
(microtype)                (Hint: Turn on `verbose' mode).

LaTeX Info: Redefining \microtypecontext on input line 53.
Package microtype Info: Generating PDF output.
Package microtype Info: Character protrusion enabled (level 2).
Package microtype Info: Using default protrusion set `alltext'.
Package microtype Info: Automatic font expansion enabled (level 2),
(microtype)             stretch: 20, shrink: 20, step: 1, non-selected.
Package microtype Info: Using default expansion set `basictext'.
Package microtype Info: No adjustment of tracking.
Package microtype Info: No adjustment of interword spacing.
Package microtype Info: No adjustment of character kerning.
(c:/texlive/2018/texmf-dist/tex/latex/microtype/mt-ptm.cfg
File: mt-ptm.cfg 2006/04/20 v1.7 microtype config. file: Times (RS)
)
Package biblatex Info: Input encoding 'utf8' detected.
Package biblatex Info: Automatic encoding selection.
(biblatex)             Assuming data encoding 'utf8'.
\openout5 = `book_main.bcf'.

Package biblatex Info: Trying to load bibliographic data...
Package biblatex Info: ... file 'book_main.bbl' found.
 (./book_main.bbl)
Package biblatex Info: Reference section=0 on input line 53.
Package biblatex Info: Reference segment=0 on input line 53.
\AtBeginShipoutBox=\box63
Package hyperref Info: Link coloring OFF on input line 53.

(c:/texlive/2018/texmf-dist/tex/latex/hyperref/nameref.sty
Package: nameref 2016/05/21 v2.44 Cross-referencing by name of section

(c:/texlive/2018/texmf-dist/tex/generic/oberdiek/gettitlestring.sty
Package: gettitlestring 2016/05/16 v1.5 Cleanup title references (HO)
)
\c@section@level=\count462
)
LaTeX Info: Redefining \ref on input line 53.
LaTeX Info: Redefining \pageref on input line 53.
LaTeX Info: Redefining \nameref on input line 53.
\openout2 = `sub/title.aux'.


(./sub/title.tex

! LaTeX Error: File `background' not found.

See the LaTeX manual or LaTeX Companion for explanation.
Type  H <return>  for immediate help.
 ...                                              
                                                  
l.9 ...ludegraphics[width=\paperwidth]{background}
                                                  };
I could not locate the file with any of these extensions:
.pdf,.png,.jpg,.mps,.jpeg,.jbig2,.jb2,.PDF,.PNG,.JPG,.JPEG,.JBIG2,.JB2,.eps
Try typing  <return>  to proceed.
If that doesn't work, type  X <return>  to quit.

LaTeX Font Info:    Font shape `T1/ptm/bx/n' in size <24.88> not available
(Font)              Font shape `T1/ptm/b/n' tried instead on input line 10.
LaTeX Font Info:    Try loading font information for T1+pag on input line 10.
(c:/texlive/2018/texmf-dist/tex/latex/psnfss/t1pag.fd
File: t1pag.fd 2001/06/04 font definitions for T1/pag.
)
LaTeX Font Info:    Font shape `T1/pag/bx/n' in size <24.88> not available
(Font)              Font shape `T1/pag/b/n' tried instead on input line 10.
LaTeX Font Info:    Font shape `T1/pag/b/n' in size <24.88> not available
(Font)              Font shape `T1/pag/db/n' tried instead on input line 10.
Package microtype Info: Loading generic protrusion settings for font family
(microtype)             `pag' (encoding: T1).
(microtype)             For optimal results, create family-specific settings.
(microtype)             See the microtype manual for details.
LaTeX Font Info:    Try loading font information for LUC+nanumgt on input line 
12.

(c:/texlive/2018/texmf-dist/tex/latex/nanumtype1/lucnanumgt.fd
File: lucnanumgt.fd 2013/02/12 v0.1 Nanum Gothic font definitions
)
LaTeX Font Info:    Font shape `T1/pag/bx/n' in size <14.4> not available
(Font)              Font shape `T1/pag/b/n' tried instead on input line 12.
LaTeX Font Info:    Font shape `T1/pag/b/n' in size <14.4> not available
(Font)              Font shape `T1/pag/db/n' tried instead on input line 12.
LaTeX Font Info:    Font shape `T1/pag/bx/n' in size <20.74> not available
(Font)              Font shape `T1/pag/b/n' tried instead on input line 12.
LaTeX Font Info:    Font shape `T1/pag/b/n' in size <20.74> not available
(Font)              Font shape `T1/pag/db/n' tried instead on input line 12.
LaTeX Font Info:    Try loading font information for OT1+ztmcm on input line 12
.

(c:/texlive/2018/texmf-dist/tex/latex/psnfss/ot1ztmcm.fd
File: ot1ztmcm.fd 2000/01/03 Fontinst v1.801 font definitions for OT1/ztmcm.
)
Package microtype Info: Loading generic protrusion settings for font family
(microtype)             `ztmcm' (encoding: OT1).
(microtype)             For optimal results, create family-specific settings.
(microtype)             See the microtype manual for details.
LaTeX Font Info:    Try loading font information for OML+ztmcm on input line 12
.

(c:/texlive/2018/texmf-dist/tex/latex/psnfss/omlztmcm.fd
File: omlztmcm.fd 2000/01/03 Fontinst v1.801 font definitions for OML/ztmcm.
)
LaTeX Font Info:    Try loading font information for OMS+ztmcm on input line 12
.

(c:/texlive/2018/texmf-dist/tex/latex/psnfss/omsztmcm.fd
File: omsztmcm.fd 2000/01/03 Fontinst v1.801 font definitions for OMS/ztmcm.
)
LaTeX Font Info:    Try loading font information for OMX+ztmcm on input line 12
.

(c:/texlive/2018/texmf-dist/tex/latex/psnfss/omxztmcm.fd
File: omxztmcm.fd 2000/01/03 Fontinst v1.801 font definitions for OMX/ztmcm.
)
LaTeX Font Info:    Try loading font information for OT1+ptm on input line 12.

(c:/texlive/2018/texmf-dist/tex/latex/psnfss/ot1ptm.fd
File: ot1ptm.fd 2001/06/04 font definitions for OT1/ptm.
)
LaTeX Font Info:    Font shape `OT1/ptm/bx/n' in size <24.88> not available
(Font)              Font shape `OT1/ptm/b/n' tried instead on input line 12.
LaTeX Font Info:    Font shape `OT1/ptm/bx/n' in size <17.28> not available
(Font)              Font shape `OT1/ptm/b/n' tried instead on input line 12.
LaTeX Font Info:    Font shape `OT1/ptm/bx/n' in size <14.4> not available
(Font)              Font shape `OT1/ptm/b/n' tried instead on input line 12.

(c:/texlive/2018/texmf-dist/tex/latex/microtype/mt-msa.cfg
File: mt-msa.cfg 2006/02/04 v1.1 microtype config. file: AMS symbols (a) (RS)
)
(c:/texlive/2018/texmf-dist/tex/latex/microtype/mt-msb.cfg
File: mt-msb.cfg 2005/06/01 v1.0 microtype config. file: AMS symbols (b) (RS)
) [1




{c:/texlive/2018/texmf-var/fonts/map/pdftex/updmap/pdftex.map}]
LaTeX Font Info:    Try loading font information for OMS+ptm on input line 25.

(c:/texlive/2018/texmf-dist/tex/latex/psnfss/omsptm.fd
File: omsptm.fd 
)
LaTeX Font Info:    Font shape `OMS/ptm/m/n' in size <10.95> not available
(Font)              Font shape `OMS/cmsy/m/n' tried instead on input line 25.

Underfull \hbox (badness 10000) in paragraph at lines 25--26

 []


LaTeX Font Warning: Font shape `LUC/nanummj/m/sc' undefined
(Font)              using `LUC/nanummj/m/n' instead on input line 27.


Underfull \hbox (badness 10000) in paragraph at lines 27--28

 []


Underfull \hbox (badness 10000) in paragraph at lines 29--30

 []

LaTeX Font Info:    Try loading font information for T1+cmtt on input line 31.
(c:/texlive/2018/texmf-dist/tex/latex/base/t1cmtt.fd
File: t1cmtt.fd 2014/09/29 v2.5h Standard LaTeX font definitions
)
Package microtype Info: Loading generic protrusion settings for font family
(microtype)             `cmtt' (encoding: T1).
(microtype)             For optimal results, create family-specific settings.
(microtype)             See the microtype manual for details.
LaTeX Font Info:    Font shape `OT1/ptm/bx/n' in size <10.95> not available
(Font)              Font shape `OT1/ptm/b/n' tried instead on input line 31.
LaTeX Font Info:    Font shape `OT1/ptm/bx/n' in size <8> not available
(Font)              Font shape `OT1/ptm/b/n' tried instead on input line 31.
LaTeX Font Info:    Font shape `OT1/ptm/bx/n' in size <6> not available
(Font)              Font shape `OT1/ptm/b/n' tried instead on input line 31.

Underfull \hbox (badness 10000) in paragraph at lines 31--32

 []

[2]

LaTeX Warning: File `chapter_head_1.pdf' not found on input line 45.


! Package pdftex.def Error: File `chapter_head_1.pdf' not found: using draft se
tting.

See the pdftex.def package documentation for explanation.
Type  H <return>  for immediate help.
 ...                                              
                                                  
l.45 \tableofcontents
                      % Print the table of contents itself
Try typing  <return>  to proceed.
If that doesn't work, type  X <return>  to quit.

(./book_main.toc
LaTeX Font Info:    Font shape `T1/ptm/bx/n' in size <12> not available
(Font)              Font shape `T1/ptm/b/n' tried instead on input line 4.
LaTeX Font Info:    Font shape `T1/ptm/bx/n' in size <14.4> not available
(Font)              Font shape `T1/ptm/b/n' tried instead on input line 4.
LaTeX Font Info:    Font shape `OT1/ptm/bx/n' in size <12> not available
(Font)              Font shape `OT1/ptm/b/n' tried instead on input line 4.
LaTeX Font Info:    Font shape `OT1/ptm/bx/n' in size <9> not available
(Font)              Font shape `OT1/ptm/b/n' tried instead on input line 4.
LaTeX Font Info:    Font shape `OT1/ptm/bx/n' in size <7> not available
(Font)              Font shape `OT1/ptm/b/n' tried instead on input line 4.
LaTeX Font Info:    Font shape `T1/pag/bx/n' in size <12> not available
(Font)              Font shape `T1/pag/b/n' tried instead on input line 6.
LaTeX Font Info:    Font shape `T1/pag/b/n' in size <12> not available
(Font)              Font shape `T1/pag/db/n' tried instead on input line 6.
LaTeX Font Info:    Font shape `T1/pag/bx/n' in size <10.95> not available
(Font)              Font shape `T1/pag/b/n' tried instead on input line 8.
LaTeX Font Info:    Font shape `T1/pag/b/n' in size <10.95> not available
(Font)              Font shape `T1/pag/db/n' tried instead on input line 8.
 [3

])
\tf@toc=\write7
\openout7 = `book_main.toc'.

 [4])
\openout2 = `sub/part01.aux'.

 (./sub/part01.tex
\c@ttl@toc@default=\count463
LaTeX Font Info:    Font shape `T1/pag/bx/n' in size <220> not available
(Font)              Font shape `T1/pag/b/n' tried instead on input line 5.
LaTeX Font Info:    Font shape `T1/pag/b/n' in size <220> not available
(Font)              Font shape `T1/pag/db/n' tried instead on input line 5.
 (./book_main.ptc
Overfull \hbox (42.3667pt too wide) detected at line 7
\LUC/nanumgt/bx/n/14.4/c8 ^^\ \T1/pag/db/n/14.4 1 Chapter 
 []

)
LaTeX Font Info:    Font shape `T1/pag/bx/n' in size <30> not available
(Font)              Font shape `T1/pag/b/n' tried instead on input line 5.
LaTeX Font Info:    Font shape `T1/pag/b/n' in size <30> not available
(Font)              Font shape `T1/pag/db/n' tried instead on input line 5.
 [5




] [6]
~1~Chapter

LaTeX Warning: File `chapter_head_2.pdf' not found on input line 13.


! Package pdftex.def Error: File `chapter_head_2.pdf' not found: using draft se
tting.

See the pdftex.def package documentation for explanation.
Type  H <return>  for immediate help.
 ...                                              
                                                  
l.13 \chapter{ }
                            \index{ }
Try typing  <return>  to proceed.
If that doesn't work, type  X <return>  to quit.


Underfull \hbox (badness 10000) in paragraph at lines 22--28

 []


Underfull \hbox (badness 10000) in paragraph at lines 22--28

 []


Underfull \hbox (badness 10000) in paragraph at lines 29--30

 []


Underfull \hbox (badness 10000) in paragraph at lines 31--34

 []


Underfull \hbox (badness 10000) in paragraph at lines 35--38

 []


Underfull \hbox (badness 10000) in paragraph at lines 39--47

 []

[7

]
Underfull \hbox (badness 10000) in paragraph at lines 50--52

 []


Underfull \hbox (badness 10000) in paragraph at lines 53--55

 []


Underfull \hbox (badness 10000) in paragraph at lines 57--58

 []


Underfull \hbox (badness 10000) in paragraph at lines 59--61

 []


Underfull \hbox (badness 10000) in paragraph at lines 62--64

 []


Underfull \hbox (badness 10000) in paragraph at lines 68--69

 []


Underfull \hbox (badness 10000) in paragraph at lines 70--73

 []


Underfull \hbox (badness 10000) in paragraph at lines 74--76

 []


Underfull \hbox (badness 10000) in paragraph at lines 77--78

 []


Underfull \hbox (badness 10000) in paragraph at lines 79--81

 []


Underfull \hbox (badness 10000) in paragraph at lines 82--84

 []


Underfull \hbox (badness 10000) in paragraph at lines 88--89

 []


Underfull \hbox (badness 10000) in paragraph at lines 90--91

 []


Underfull \hbox (badness 10000) in paragraph at lines 96--97

 []


Underfull \hbox (badness 10000) in paragraph at lines 98--99

 []


Underfull \hbox (badness 10000) in paragraph at lines 100--103

 []


Underfull \hbox (badness 10000) in paragraph at lines 100--103

 []

[8]
Underfull \hbox (badness 10000) in paragraph at lines 104--105

 []


Underfull \hbox (badness 10000) in paragraph at lines 106--108

 []


Underfull \hbox (badness 10000) in paragraph at lines 106--108

 []


Underfull \hbox (badness 10000) in paragraph at lines 116--117

 []


Underfull \hbox (badness 10000) in paragraph at lines 118--119

 []


Underfull \hbox (badness 10000) in paragraph at lines 120--121

 []


Underfull \hbox (badness 10000) in paragraph at lines 122--124

 []


Underfull \hbox (badness 10000) in paragraph at lines 125--126

 []


Underfull \hbox (badness 10000) in paragraph at lines 127--128

 []


Underfull \hbox (badness 10000) in paragraph at lines 129--130

 []


Underfull \hbox (badness 10000) in paragraph at lines 132--134

 []


Underfull \hbox (badness 10000) in paragraph at lines 132--134

 []


Underfull \hbox (badness 10000) in paragraph at lines 138--139

 []


Underfull \hbox (badness 10000) in paragraph at lines 140--141

 []


Underfull \hbox (badness 10000) in paragraph at lines 142--143

 []


Underfull \hbox (badness 10000) in paragraph at lines 144--145

 []

[9]
Underfull \hbox (badness 10000) in paragraph at lines 146--147

 []


Underfull \hbox (badness 10000) in paragraph at lines 148--150

 []


Underfull \hbox (badness 10000) in paragraph at lines 151--153

 []


Underfull \hbox (badness 10000) in paragraph at lines 155--157

 []


Underfull \hbox (badness 10000) in paragraph at lines 158--160

 []


Underfull \hbox (badness 10000) in paragraph at lines 161--162

 []


Underfull \hbox (badness 10000) in paragraph at lines 163--164

 []


Underfull \hbox (badness 10000) in paragraph at lines 166--170

 []


Underfull \hbox (badness 10000) in paragraph at lines 171--173

 []


Underfull \hbox (badness 10000) in paragraph at lines 174--176

 []


Underfull \hbox (badness 10000) in paragraph at lines 177--179

 []


Underfull \hbox (badness 10000) in paragraph at lines 180--181

 []


Underfull \hbox (badness 10000) in paragraph at lines 182--183

 []


Underfull \hbox (badness 10000) in paragraph at lines 184--186

 []


Underfull \hbox (badness 10000) in paragraph at lines 193--197

 []


Underfull \vbox (badness 5359) has occurred while \output is active []

 [10]
Underfull \hbox (badness 10000) in paragraph at lines 198--199

 []


Underfull \hbox (badness 10000) in paragraph at lines 200--205

 []


Underfull \hbox (badness 10000) in paragraph at lines 206--210

 []


Underfull \hbox (badness 10000) in paragraph at lines 211--216

 []


Underfull \hbox (badness 10000) in paragraph at lines 221--222

 []


Underfull \hbox (badness 10000) in paragraph at lines 229--230

 []


Underfull \hbox (badness 10000) in paragraph at lines 233--236

 []


Underfull \hbox (badness 10000) in paragraph at lines 237--246

 []


Underfull \hbox (badness 10000) in paragraph at lines 247--248

 []


Underfull \hbox (badness 10000) in paragraph at lines 249--252

 []


Underfull \hbox (badness 10000) in paragraph at lines 253--255

 []


Underfull \hbox (badness 10000) in paragraph at lines 256--260

 []


Underfull \hbox (badness 10000) in paragraph at lines 261--262

 []

[11]
Underfull \hbox (badness 10000) in paragraph at lines 263--267

 []


Underfull \hbox (badness 10000) in paragraph at lines 268--272

 []


Underfull \hbox (badness 10000) in paragraph at lines 273--277

 []


Underfull \hbox (badness 10000) in paragraph at lines 282--287

 []


Underfull \hbox (badness 10000) in paragraph at lines 288--293

 []


Underfull \hbox (badness 10000) in paragraph at lines 294--297

 []


Underfull \hbox (badness 10000) in paragraph at lines 301--302

 []


Underfull \hbox (badness 10000) in paragraph at lines 303--306

 []


Underfull \hbox (badness 10000) in paragraph at lines 307--309

 []


Underfull \hbox (badness 10000) in paragraph at lines 310--316

 []


Underfull \hbox (badness 10000) in paragraph at lines 317--320

 []


Underfull \hbox (badness 10000) in paragraph at lines 321--324

 []

[12]
Underfull \hbox (badness 10000) in paragraph at lines 325--328

 []


Underfull \hbox (badness 10000) in paragraph at lines 329--333

 []


Underfull \hbox (badness 10000) in paragraph at lines 334--335

 []


Underfull \hbox (badness 10000) in paragraph at lines 336--338

 []


Underfull \hbox (badness 10000) in paragraph at lines 339--341

 []


Underfull \hbox (badness 10000) in paragraph at lines 342--343

 []


Underfull \hbox (badness 10000) in paragraph at lines 344--346

 []


Underfull \hbox (badness 10000) in paragraph at lines 355--369

 []


Underfull \hbox (badness 10000) in paragraph at lines 370--375

 []


Underfull \hbox (badness 10000) in paragraph at lines 376--377

 []


Underfull \hbox (badness 10000) in paragraph at lines 378--384

 []


Underfull \hbox (badness 10000) in paragraph at lines 385--386

 []


Underfull \hbox (badness 10000) in paragraph at lines 387--391

 []

[13]
Underfull \hbox (badness 10000) in paragraph at lines 392--393

 []


Underfull \hbox (badness 10000) in paragraph at lines 394--395

 []


Underfull \hbox (badness 10000) in paragraph at lines 396--397

 []


Underfull \hbox (badness 10000) in paragraph at lines 398--404

 []


Underfull \hbox (badness 10000) in paragraph at lines 405--406

 []


Underfull \hbox (badness 10000) in paragraph at lines 407--412

 []

) [14]
\openout2 = `sub/footer.aux'.

 (./sub/footer.tex (./book_main.ptc) [15



] [16] (./book_main.ind

LaTeX Warning: File `chapter_head_2.pdf' not found on input line 1.


! Package pdftex.def Error: File `chapter_head_2.pdf' not found: using draft se
tting.

See the pdftex.def package documentation for explanation.
Type  H <return>  for immediate help.
 ...                                              
                                                  
l.1 \begin{theindex}
                    
Try typing  <return>  to proceed.
If that doesn't work, type  X <return>  to quit.

[17


]) [18


]

LaTeX Warning: File `chapter_head_2.pdf' not found on input line 22.


! Package pdftex.def Error: File `chapter_head_2.pdf' not found: using draft se
tting.

See the pdftex.def package documentation for explanation.
Type  H <return>  for immediate help.
 ...                                              
                                                  
l.22 \listoftables
                  
Try typing  <return>  to proceed.
If that doesn't work, type  X <return>  to quit.

(./book_main.lot)
\tf@lot=\write8
\openout8 = `book_main.lot'.

 [19


] [20

]

LaTeX Warning: File `chapter_head_2.pdf' not found on input line 28.


! Package pdftex.def Error: File `chapter_head_2.pdf' not found: using draft se
tting.

See the pdftex.def package documentation for explanation.
Type  H <return>  for immediate help.
 ...                                              
                                                  
l.28 \listoffigures
                   
Try typing  <return>  to proceed.
If that doesn't work, type  X <return>  to quit.

(./book_main.lof)
\tf@lof=\write9
\openout9 = `book_main.lof'.

 [21


] [22

]

LaTeX Warning: File `chapter_head_2.pdf' not found on input line 43.


! Package pdftex.def Error: File `chapter_head_2.pdf' not found: using draft se
tting.

See the pdftex.def package documentation for explanation.
Type  H <return>  for immediate help.
 ...                                              
                                                  
l.43 \chapter*{Bibliography}
                            
Try typing  <return>  to proceed.
If that doesn't work, type  X <return>  to quit.


Package biblatex Warning: Type 'book' not found on input line 47.


LaTeX Warning: Empty bibliography on input line 47.


Package biblatex Warning: Type 'article' not found on input line 50.


LaTeX Warning: Empty bibliography on input line 50.


! LaTeX Error: Environment acknowledgements undefined.

See the LaTeX manual or LaTeX Companion for explanation.
Type  H <return>  for immediate help.
 ...                                              
                                                  
l.56 \begin{acknowledgements}
                             
Your command was ignored.
Type  I <command> <return>  to replace it with another command,
or  <return>  to continue without it.


! LaTeX Error: \begin{document} ended by \end{acknowledgements}.

See the LaTeX manual or LaTeX Companion for explanation.
Type  H <return>  for immediate help.
 ...                                              
                                                  
l.59 \end{acknowledgements}
                           
Your command was ignored.
Type  I <command> <return>  to replace it with another command,
or  <return>  to continue without it.


! LaTeX Error: Environment career undefined.

See the LaTeX manual or LaTeX Companion for explanation.
Type  H <return>  for immediate help.
 ...                                              
                                                  
l.64 \begin{career}
                   
Your command was ignored.
Type  I <command> <return>  to replace it with another command,
or  <return>  to continue without it.


! LaTeX Error: \begin{document} ended by \end{career}.

See the LaTeX manual or LaTeX Companion for explanation.
Type  H <return>  for immediate help.
 ...                                              
                                                  
l.69 \end{career}
                 
Your command was ignored.
Type  I <command> <return>  to replace it with another command,
or  <return>  to continue without it.

) [23


]

Package caption Warning: Unused \captionsetup[figure] on input line 79.
See the caption package documentation for explanation.


Package caption Warning: Unused \captionsetup[table] on input line 83.
See the caption package documentation for explanation.


Package caption Warning: Unused \captionsetup[equation] on input line 87.
See the caption package documentation for explanation.

\tf@ptc=\write10
\openout10 = `book_main.ptc'.

Package atveryend Info: Empty hook `BeforeClearDocument' on input line 69.
Package atveryend Info: Empty hook `AfterLastShipout' on input line 69.
(./book_main.aux (./sub/title.aux) (./sub/part01.aux) (./sub/footer.aux))
Package atveryend Info: Executing hook `AtVeryEndDocument' on input line 69.
Package atveryend Info: Empty hook `AtEndAfterFileList' on input line 69.


LaTeX Font Warning: Some font shapes were not available, defaults substituted.

Package logreq Info: Writing requests to 'book_main.run.xml'.
\openout1 = `book_main.run.xml'.

 ) 
Here is how much of TeX's memory you used:
 38778 strings out of 492649
 724643 string characters out of 6133384
 1281301 words of memory out of 5000000
 41815 multiletter control sequences out of 15000+600000
 662356 words of font info for 305 fonts, out of 8000000 for 9000
 1141 hyphenation exceptions out of 8191
 59i,13n,57p,10517b,2737s stack positions out of 5000i,500n,10000p,200000b,80000s
pdfTeX warning (dest): name{page.37} has been referenced but does not exist, 
replaced by a fixed one

pdfTeX warning (dest): name{page.38} has been referenced but does not exist, re
placed by a fixed one

pdfTeX warning (dest): name{page.28} has been referenced but does not exist, re
placed by a fixed one

pdfTeX warning (dest): name{page.27} has been referenced but does not exist, re
placed by a fixed one

pdfTeX warning (dest): name{page.30} has been referenced but does not exist, re
placed by a fixed one

pdfTeX warning (dest): name{page.41} has been referenced but does not exist, re
placed by a fixed one

pdfTeX warning (dest): name{page.32} has been referenced but does not exist, re
placed by a fixed one

pdfTeX warning (dest): name{page.57} has been referenced but does not exist, re
placed by a fixed one

pdfTeX warning (dest): name{page.47} has been referenced but does not exist, re
placed by a fixed one

pdfTeX warning (dest): name{page.31} has been referenced but does not exist, re
placed by a fixed one

pdfTeX warning (dest): name{page.51} has been referenced but does not exist, re
placed by a fixed one

pdfTeX warning (dest): name{page.55} has been referenced but does not exist, re
placed by a fixed one

{c:/texlive/2018/texmf-dist/fonts/enc/dvips/base/8r.enc}{c:/texlive/2018/texmf-
dist/fonts/enc/dvips/cm-super/cm-super-t1.enc}<c:/texlive/2018/texmf-dist/fonts
/type1/public/amsfonts/cm/cmex10.pfb><c:/texlive/2018/texmf-dist/fonts/type1/pu
blic/amsfonts/cm/cmmi10.pfb><c:/texlive/2018/texmf-dist/fonts/type1/public/amsf
onts/cm/cmr10.pfb><c:/texlive/2018/texmf-dist/fonts/type1/public/amsfonts/cm/cm
sy10.pfb><c:/texlive/2018/texmf-dist/fonts/type1/public/amsfonts/symbols/msam10
.pfb><c:/texlive/2018/texmf-dist/fonts/type1/public/nanumtype1/nanumgtbac.pfb><
c:/texlive/2018/texmf-dist/fonts/type1/public/nanumtype1/nanumgtbae.pfb><c:/tex
live/2018/texmf-dist/fonts/type1/public/nanumtype1/nanumgtbb3.pfb><c:/texlive/2
018/texmf-dist/fonts/type1/public/nanumtype1/nanumgtbb7.pfb><c:/texlive/2018/te
xmf-dist/fonts/type1/public/nanumtype1/nanumgtbb8.pfb><c:/texlive/2018/texmf-di
st/fonts/type1/public/nanumtype1/nanumgtbbb.pfb><c:/texlive/2018/texmf-dist/fon
ts/type1/public/nanumtype1/nanumgtbbc.pfb><c:/texlive/2018/texmf-dist/fonts/typ
e1/public/nanumtype1/nanumgtbbd.pfb><c:/texlive/2018/texmf-dist/fonts/type1/pub
lic/nanumtype1/nanumgtbc0.pfb><c:/texlive/2018/texmf-dist/fonts/type1/public/na
numtype1/nanumgtbc1.pfb><c:/texlive/2018/texmf-dist/fonts/type1/public/nanumtyp
e1/nanumgtbc2.pfb><c:/texlive/2018/texmf-dist/fonts/type1/public/nanumtype1/nan
umgtbc5.pfb><c:/texlive/2018/texmf-dist/fonts/type1/public/nanumtype1/nanumgtbc
6.pfb><c:/texlive/2018/texmf-dist/fonts/type1/public/nanumtype1/nanumgtbc7.pfb>
<c:/texlive/2018/texmf-dist/fonts/type1/public/nanumtype1/nanumgtbc8.pfb><c:/te
xlive/2018/texmf-dist/fonts/type1/public/nanumtype1/nanumgtbc9.pfb><c:/texlive/
2018/texmf-dist/fonts/type1/public/nanumtype1/nanumgtbce.pfb><c:/texlive/2018/t
exmf-dist/fonts/type1/public/nanumtype1/nanumgtbd1.pfb><c:/texlive/2018/texmf-d
ist/fonts/type1/public/nanumtype1/nanumgtbd4.pfb><c:/texlive/2018/texmf-dist/fo
nts/type1/public/nanumtype1/nanumgtbd5.pfb><c:/texlive/2018/texmf-dist/fonts/ty
pe1/public/nanumtype1/nanumgtbd6.pfb><c:/texlive/2018/texmf-dist/fonts/type1/pu
blic/nanumtype1/nanumgtmac.pfb><c:/texlive/2018/texmf-dist/fonts/type1/public/n
anumtype1/nanumgtmae.pfb><c:/texlive/2018/texmf-dist/fonts/type1/public/nanumty
pe1/nanumgtmb3.pfb><c:/texlive/2018/texmf-dist/fonts/type1/public/nanumtype1/na
numgtmb7.pfb><c:/texlive/2018/texmf-dist/fonts/type1/public/nanumtype1/nanumgtm
b8.pfb><c:/texlive/2018/texmf-dist/fonts/type1/public/nanumtype1/nanumgtmbb.pfb
><c:/texlive/2018/texmf-dist/fonts/type1/public/nanumtype1/nanumgtmbc.pfb><c:/t
exlive/2018/texmf-dist/fonts/type1/public/nanumtype1/nanumgtmc0.pfb><c:/texlive
/2018/texmf-dist/fonts/type1/public/nanumtype1/nanumgtmc1.pfb><c:/texlive/2018/
texmf-dist/fonts/type1/public/nanumtype1/nanumgtmc2.pfb><c:/texlive/2018/texmf-
dist/fonts/type1/public/nanumtype1/nanumgtmc5.pfb><c:/texlive/2018/texmf-dist/f
onts/type1/public/nanumtype1/nanumgtmc6.pfb><c:/texlive/2018/texmf-dist/fonts/t
ype1/public/nanumtype1/nanumgtmc7.pfb><c:/texlive/2018/texmf-dist/fonts/type1/p
ublic/nanumtype1/nanumgtmc8.pfb><c:/texlive/2018/texmf-dist/fonts/type1/public/
nanumtype1/nanumgtmc9.pfb><c:/texlive/2018/texmf-dist/fonts/type1/public/nanumt
ype1/nanumgtmce.pfb><c:/texlive/2018/texmf-dist/fonts/type1/public/nanumtype1/n
anumgtmd1.pfb><c:/texlive/2018/texmf-dist/fonts/type1/public/nanumtype1/nanumgt
md4.pfb><c:/texlive/2018/texmf-dist/fonts/type1/public/nanumtype1/nanumgtmd6.pf
b><c:/texlive/2018/texmf-dist/fonts/type1/public/nanumtype1/nanummjmac.pfb><c:/
texlive/2018/texmf-dist/fonts/type1/public/nanumtype1/nanummjmad.pfb><c:/texliv
e/2018/texmf-dist/fonts/type1/public/nanumtype1/nanummjmae.pfb><c:/texlive/2018
/texmf-dist/fonts/type1/public/nanumtype1/nanummjmb0.pfb><c:/texlive/2018/texmf
-dist/fonts/type1/public/nanumtype1/nanummjmb1.pfb><c:/texlive/2018/texmf-dist/
fonts/type1/public/nanumtype1/nanummjmb2.pfb><c:/texlive/2018/texmf-dist/fonts/
type1/public/nanumtype1/nanummjmb3.pfb><c:/texlive/2018/texmf-dist/fonts/type1/
public/nanumtype1/nanummjmb4.pfb><c:/texlive/2018/texmf-dist/fonts/type1/public
/nanumtype1/nanummjmb5.pfb><c:/texlive/2018/texmf-dist/fonts/type1/public/nanum
type1/nanummjmb7.pfb><c:/texlive/2018/texmf-dist/fonts/type1/public/nanumtype1/
nanummjmb8.pfb><c:/texlive/2018/texmf-dist/fonts/type1/public/nanumtype1/nanumm
jmb9.pfb><c:/texlive/2018/texmf-dist/fonts/type1/public/nanumtype1/nanummjmba.p
fb><c:/texlive/2018/texmf-dist/fonts/type1/public/nanumtype1/nanummjmbb.pfb><c:
/texlive/2018/texmf-dist/fonts/type1/public/nanumtype1/nanummjmbc.pfb><c:/texli
ve/2018/texmf-dist/fonts/type1/public/nanumtype1/nanummjmbd.pfb><c:/texlive/201
8/texmf-dist/fonts/type1/public/nanumtype1/nanummjmbe.pfb><c:/texlive/2018/texm
f-dist/fonts/type1/public/nanumtype1/nanummjmc0.pfb><c:/texlive/2018/texmf-dist
/fonts/type1/public/nanumtype1/nanummjmc1.pfb><c:/texlive/2018/texmf-dist/fonts
/type1/public/nanumtype1/nanummjmc2.pfb><c:/texlive/2018/texmf-dist/fonts/type1
/public/nanumtype1/nanummjmc3.pfb><c:/texlive/2018/texmf-dist/fonts/type1/publi
c/nanumtype1/nanummjmc5.pfb><c:/texlive/2018/texmf-dist/fonts/type1/public/nanu
mtype1/nanummjmc6.pfb><c:/texlive/2018/texmf-dist/fonts/type1/public/nanumtype1
/nanummjmc7.pfb><c:/texlive/2018/texmf-dist/fonts/type1/public/nanumtype1/nanum
mjmc8.pfb><c:/texlive/2018/texmf-dist/fonts/type1/public/nanumtype1/nanummjmc9.
pfb><c:/texlive/2018/texmf-dist/fonts/type1/public/nanumtype1/nanummjmca.pfb><c
:/texlive/2018/texmf-dist/fonts/type1/public/nanumtype1/nanummjmcc.pfb><c:/texl
ive/2018/texmf-dist/fonts/type1/public/nanumtype1/nanummjmcd.pfb><c:/texlive/20
18/texmf-dist/fonts/type1/public/nanumtype1/nanummjmce.pfb><c:/texlive/2018/tex
mf-dist/fonts/type1/public/nanumtype1/nanummjmd0.pfb><c:/texlive/2018/texmf-dis
t/fonts/type1/public/nanumtype1/nanummjmd1.pfb><c:/texlive/2018/texmf-dist/font
s/type1/public/nanumtype1/nanummjmd3.pfb><c:/texlive/2018/texmf-dist/fonts/type
1/public/nanumtype1/nanummjmd4.pfb><c:/texlive/2018/texmf-dist/fonts/type1/publ
ic/nanumtype1/nanummjmd5.pfb><c:/texlive/2018/texmf-dist/fonts/type1/public/nan
umtype1/nanummjmd6.pfb><c:/texlive/2018/texmf-dist/fonts/type1/public/nanumtype
1/nanummjmd7.pfb><c:/texlive/2018/texmf-dist/fonts/type1/public/cm-super/sftt10
95.pfb><c:/texlive/2018/texmf-dist/fonts/type1/urw/avantgar/uagd8a.pfb><c:/texl
ive/2018/texmf-dist/fonts/type1/urw/avantgar/uagk8a.pfb><c:/texlive/2018/texmf-
dist/fonts/type1/urw/symbol/usyr.pfb><c:/texlive/2018/texmf-dist/fonts/type1/ur
w/symbol/usyr.pfb><c:/texlive/2018/texmf-dist/fonts/type1/urw/times/utmb8a.pfb>
<c:/texlive/2018/texmf-dist/fonts/type1/urw/times/utmr8a.pfb><c:/texlive/2018/t
exmf-dist/fonts/type1/urw/times/utmri8a.pfb>
Output written on book_main.pdf (23 pages, 2502843 bytes).
PDF statistics:
 633 PDF objects out of 1000 (max. 8388607)
 486 compressed objects within 5 object streams
 56 named destinations out of 1000 (max. 500000)
 52317 words of extra memory for PDF output out of 61914 (max. 10000000)

